CRITICAL - 2025-06-21 23:06:56 --> CodeIgniter\Cache\Exceptions\CacheException: Cache unable to write to "C:\xampp\htdocs\repositorio\writable\cache/".
[Method: GET, Route: /]
in SYSTEMPATH\Cache\Handlers\FileHandler.php on line 61.
 1 SYSTEMPATH\Cache\Handlers\FileHandler.php(61): CodeIgniter\Cache\Exceptions\CacheException::forUnableToWrite('C:\\xampp\\htdocs\\repositorio\\writable\\cache/')
 2 SYSTEMPATH\Cache\CacheFactory.php(67): CodeIgniter\Cache\Handlers\FileHandler->__construct(Object(Config\Cache))
 3 SYSTEMPATH\Config\Services.php(129): CodeIgniter\Cache\CacheFactory::getHandler(Object(Config\Cache))
 4 SYSTEMPATH\Config\BaseService.php(312): CodeIgniter\Config\Services::cache(Object(Config\Cache), false)
 5 SYSTEMPATH\Config\BaseService.php(251): CodeIgniter\Config\BaseService::__callStatic('cache', [...])
 6 SYSTEMPATH\Config\Services.php(124): CodeIgniter\Config\BaseService::getSharedInstance('cache', null)
 7 SYSTEMPATH\Config\BaseService.php(321): CodeIgniter\Config\Services::cache()
 8 SYSTEMPATH\Config\BaseService.php(202): CodeIgniter\Config\BaseService::__callStatic('cache', [])
 9 SYSTEMPATH\Config\Services.php(454): CodeIgniter\Config\BaseService::get('cache')
10 SYSTEMPATH\Config\BaseService.php(312): CodeIgniter\Config\Services::responsecache(Object(Config\Cache), null, false)
11 SYSTEMPATH\Config\BaseService.php(251): CodeIgniter\Config\BaseService::__callStatic('responsecache', [...])
12 SYSTEMPATH\Config\Services.php(450): CodeIgniter\Config\BaseService::getSharedInstance('responsecache', null, null)
13 SYSTEMPATH\Config\BaseService.php(321): CodeIgniter\Config\Services::responsecache()
14 SYSTEMPATH\CodeIgniter.php(178): CodeIgniter\Config\BaseService::__callStatic('responsecache', [])
15 SYSTEMPATH\Config\Services.php(164): CodeIgniter\CodeIgniter->__construct(Object(Config\App))
16 SYSTEMPATH\Config\BaseService.php(312): CodeIgniter\Config\Services::codeigniter(Object(Config\App), false)
17 SYSTEMPATH\Config\BaseService.php(251): CodeIgniter\Config\BaseService::__callStatic('codeigniter', [...])
18 SYSTEMPATH\Config\Services.php(159): CodeIgniter\Config\BaseService::getSharedInstance('codeigniter', null)
19 SYSTEMPATH\Config\BaseService.php(321): CodeIgniter\Config\Services::codeigniter()
20 SYSTEMPATH\Config\BaseService.php(202): CodeIgniter\Config\BaseService::__callStatic('codeigniter', [])
21 SYSTEMPATH\Common.php(1000): CodeIgniter\Config\BaseService::get('codeigniter')
22 SYSTEMPATH\Boot.php(320): service('codeigniter')
23 SYSTEMPATH\Boot.php(66): CodeIgniter\Boot::initializeCodeIgniter()
24 FCPATH\index.php(56): CodeIgniter\Boot::bootWeb(Object(Config\Paths))
CRITICAL - 2025-06-21 23:06:57 --> CodeIgniter\Cache\Exceptions\CacheException: Cache unable to write to "C:\xampp\htdocs\repositorio\writable\cache/".
[Method: GET, Route: /]
in SYSTEMPATH\Cache\Handlers\FileHandler.php on line 61.
 1 SYSTEMPATH\Cache\Handlers\FileHandler.php(61): CodeIgniter\Cache\Exceptions\CacheException::forUnableToWrite('C:\\xampp\\htdocs\\repositorio\\writable\\cache/')
 2 SYSTEMPATH\Cache\CacheFactory.php(67): CodeIgniter\Cache\Handlers\FileHandler->__construct(Object(Config\Cache))
 3 SYSTEMPATH\Config\Services.php(129): CodeIgniter\Cache\CacheFactory::getHandler(Object(Config\Cache))
 4 SYSTEMPATH\Config\BaseService.php(312): CodeIgniter\Config\Services::cache(Object(Config\Cache), false)
 5 SYSTEMPATH\Config\BaseService.php(251): CodeIgniter\Config\BaseService::__callStatic('cache', [...])
 6 SYSTEMPATH\Config\Services.php(124): CodeIgniter\Config\BaseService::getSharedInstance('cache', null)
 7 SYSTEMPATH\Config\BaseService.php(321): CodeIgniter\Config\Services::cache()
 8 SYSTEMPATH\Config\BaseService.php(202): CodeIgniter\Config\BaseService::__callStatic('cache', [])
 9 SYSTEMPATH\Config\Services.php(454): CodeIgniter\Config\BaseService::get('cache')
10 SYSTEMPATH\Config\BaseService.php(312): CodeIgniter\Config\Services::responsecache(Object(Config\Cache), null, false)
11 SYSTEMPATH\Config\BaseService.php(251): CodeIgniter\Config\BaseService::__callStatic('responsecache', [...])
12 SYSTEMPATH\Config\Services.php(450): CodeIgniter\Config\BaseService::getSharedInstance('responsecache', null, null)
13 SYSTEMPATH\Config\BaseService.php(321): CodeIgniter\Config\Services::responsecache()
14 SYSTEMPATH\CodeIgniter.php(178): CodeIgniter\Config\BaseService::__callStatic('responsecache', [])
15 SYSTEMPATH\Config\Services.php(164): CodeIgniter\CodeIgniter->__construct(Object(Config\App))
16 SYSTEMPATH\Config\BaseService.php(312): CodeIgniter\Config\Services::codeigniter(Object(Config\App), false)
17 SYSTEMPATH\Config\BaseService.php(251): CodeIgniter\Config\BaseService::__callStatic('codeigniter', [...])
18 SYSTEMPATH\Config\Services.php(159): CodeIgniter\Config\BaseService::getSharedInstance('codeigniter', null)
19 SYSTEMPATH\Config\BaseService.php(321): CodeIgniter\Config\Services::codeigniter()
20 SYSTEMPATH\Config\BaseService.php(202): CodeIgniter\Config\BaseService::__callStatic('codeigniter', [])
21 SYSTEMPATH\Common.php(1000): CodeIgniter\Config\BaseService::get('codeigniter')
22 SYSTEMPATH\Boot.php(320): service('codeigniter')
23 SYSTEMPATH\Boot.php(66): CodeIgniter\Boot::initializeCodeIgniter()
24 FCPATH\index.php(56): CodeIgniter\Boot::bootWeb(Object(Config\Paths))
DEBUG - 2025-06-21 18:07:28 --> Session: Class initialized using 'CodeIgniter\Session\Handlers\FileHandler' driver.
DEBUG - 2025-06-21 18:07:30 --> Session: Class initialized using 'CodeIgniter\Session\Handlers\FileHandler' driver.
DEBUG - 2025-06-21 18:07:33 --> Session: Class initialized using 'CodeIgniter\Session\Handlers\FileHandler' driver.
DEBUG - 2025-06-21 18:07:34 --> Session: Class initialized using 'CodeIgniter\Session\Handlers\FileHandler' driver.
DEBUG - 2025-06-21 18:07:35 --> Session: Class initialized using 'CodeIgniter\Session\Handlers\FileHandler' driver.
DEBUG - 2025-06-21 18:07:37 --> Session: Class initialized using 'CodeIgniter\Session\Handlers\FileHandler' driver.
DEBUG - 2025-06-21 18:07:39 --> Session: Class initialized using 'CodeIgniter\Session\Handlers\FileHandler' driver.
DEBUG - 2025-06-21 18:07:40 --> Session: Class initialized using 'CodeIgniter\Session\Handlers\FileHandler' driver.
DEBUG - 2025-06-21 18:07:55 --> Session: Class initialized using 'CodeIgniter\Session\Handlers\FileHandler' driver.
DEBUG - 2025-06-21 18:07:56 --> Session: Class initialized using 'CodeIgniter\Session\Handlers\FileHandler' driver.
DEBUG - 2025-06-21 18:07:57 --> Session: Class initialized using 'CodeIgniter\Session\Handlers\FileHandler' driver.
DEBUG - 2025-06-21 18:07:58 --> Session: Class initialized using 'CodeIgniter\Session\Handlers\FileHandler' driver.
DEBUG - 2025-06-21 18:08:02 --> Session: Class initialized using 'CodeIgniter\Session\Handlers\FileHandler' driver.
DEBUG - 2025-06-21 18:08:07 --> Session: Class initialized using 'CodeIgniter\Session\Handlers\FileHandler' driver.
DEBUG - 2025-06-21 18:08:07 --> Session: Class initialized using 'CodeIgniter\Session\Handlers\FileHandler' driver.
DEBUG - 2025-06-21 18:08:28 --> Session: Class initialized using 'CodeIgniter\Session\Handlers\FileHandler' driver.
DEBUG - 2025-06-21 18:10:20 --> Session: Class initialized using 'CodeIgniter\Session\Handlers\FileHandler' driver.
DEBUG - 2025-06-21 18:10:27 --> Session: Class initialized using 'CodeIgniter\Session\Handlers\FileHandler' driver.
DEBUG - 2025-06-21 18:10:27 --> Session: Class initialized using 'CodeIgniter\Session\Handlers\FileHandler' driver.
DEBUG - 2025-06-21 18:10:41 --> Session: Class initialized using 'CodeIgniter\Session\Handlers\FileHandler' driver.
DEBUG - 2025-06-21 18:10:42 --> Session: Class initialized using 'CodeIgniter\Session\Handlers\FileHandler' driver.
DEBUG - 2025-06-21 18:10:43 --> Session: Class initialized using 'CodeIgniter\Session\Handlers\FileHandler' driver.
DEBUG - 2025-06-21 18:10:44 --> Session: Class initialized using 'CodeIgniter\Session\Handlers\FileHandler' driver.
DEBUG - 2025-06-21 18:10:45 --> Session: Class initialized using 'CodeIgniter\Session\Handlers\FileHandler' driver.
DEBUG - 2025-06-21 18:10:46 --> Session: Class initialized using 'CodeIgniter\Session\Handlers\FileHandler' driver.
DEBUG - 2025-06-21 18:10:51 --> Session: Class initialized using 'CodeIgniter\Session\Handlers\FileHandler' driver.
DEBUG - 2025-06-21 18:10:51 --> Session: Class initialized using 'CodeIgniter\Session\Handlers\FileHandler' driver.
DEBUG - 2025-06-21 18:10:53 --> Session: Class initialized using 'CodeIgniter\Session\Handlers\FileHandler' driver.
DEBUG - 2025-06-21 18:11:07 --> Session: Class initialized using 'CodeIgniter\Session\Handlers\FileHandler' driver.
DEBUG - 2025-06-21 18:11:07 --> Session: Class initialized using 'CodeIgniter\Session\Handlers\FileHandler' driver.
DEBUG - 2025-06-21 18:11:08 --> Session: Class initialized using 'CodeIgniter\Session\Handlers\FileHandler' driver.
DEBUG - 2025-06-21 18:12:07 --> Session: Class initialized using 'CodeIgniter\Session\Handlers\FileHandler' driver.
DEBUG - 2025-06-21 18:12:09 --> Session: Class initialized using 'CodeIgniter\Session\Handlers\FileHandler' driver.
DEBUG - 2025-06-21 18:13:30 --> Session: Class initialized using 'CodeIgniter\Session\Handlers\FileHandler' driver.
DEBUG - 2025-06-21 18:13:34 --> Session: Class initialized using 'CodeIgniter\Session\Handlers\FileHandler' driver.
DEBUG - 2025-06-21 18:13:36 --> Session: Class initialized using 'CodeIgniter\Session\Handlers\FileHandler' driver.
DEBUG - 2025-06-21 18:13:37 --> Session: Class initialized using 'CodeIgniter\Session\Handlers\FileHandler' driver.
DEBUG - 2025-06-21 18:13:41 --> Session: Class initialized using 'CodeIgniter\Session\Handlers\FileHandler' driver.
DEBUG - 2025-06-21 18:13:47 --> Session: Class initialized using 'CodeIgniter\Session\Handlers\FileHandler' driver.
DEBUG - 2025-06-21 18:13:50 --> Session: Class initialized using 'CodeIgniter\Session\Handlers\FileHandler' driver.
DEBUG - 2025-06-21 18:13:56 --> Session: Class initialized using 'CodeIgniter\Session\Handlers\FileHandler' driver.
DEBUG - 2025-06-21 18:13:58 --> Session: Class initialized using 'CodeIgniter\Session\Handlers\FileHandler' driver.
DEBUG - 2025-06-21 18:14:00 --> Session: Class initialized using 'CodeIgniter\Session\Handlers\FileHandler' driver.
DEBUG - 2025-06-21 18:14:02 --> Session: Class initialized using 'CodeIgniter\Session\Handlers\FileHandler' driver.
