CRITICAL - 2025-05-28 00:14:30 --> CodeIgniter\Cache\Exceptions\CacheException: Cache unable to write to "C:\xampp\htdocs\repositorio\writable\cache/".
[Method: GET, Route: /]
in SYSTEMPATH\Cache\Handlers\FileHandler.php on line 61.
 1 SYSTEMPATH\Cache\Handlers\FileHandler.php(61): CodeIgniter\Cache\Exceptions\CacheException::forUnableToWrite('C:\\xampp\\htdocs\\repositorio\\writable\\cache/')
 2 SYSTEMPATH\Cache\CacheFactory.php(67): CodeIgniter\Cache\Handlers\FileHandler->__construct(Object(Config\Cache))
 3 SYSTEMPATH\Config\Services.php(129): CodeIgniter\Cache\CacheFactory::getHandler(Object(Config\Cache))
 4 SYSTEMPATH\Config\BaseService.php(312): CodeIgniter\Config\Services::cache(Object(Config\Cache), false)
 5 SYSTEMPATH\Config\BaseService.php(251): CodeIgniter\Config\BaseService::__callStatic('cache', [...])
 6 SYSTEMPATH\Config\Services.php(124): CodeIgniter\Config\BaseService::getSharedInstance('cache', null)
 7 SYSTEMPATH\Config\BaseService.php(321): CodeIgniter\Config\Services::cache()
 8 SYSTEMPATH\Config\BaseService.php(202): CodeIgniter\Config\BaseService::__callStatic('cache', [])
 9 SYSTEMPATH\Config\Services.php(454): CodeIgniter\Config\BaseService::get('cache')
10 SYSTEMPATH\Config\BaseService.php(312): CodeIgniter\Config\Services::responsecache(Object(Config\Cache), null, false)
11 SYSTEMPATH\Config\BaseService.php(251): CodeIgniter\Config\BaseService::__callStatic('responsecache', [...])
12 SYSTEMPATH\Config\Services.php(450): CodeIgniter\Config\BaseService::getSharedInstance('responsecache', null, null)
13 SYSTEMPATH\Config\BaseService.php(321): CodeIgniter\Config\Services::responsecache()
14 SYSTEMPATH\CodeIgniter.php(178): CodeIgniter\Config\BaseService::__callStatic('responsecache', [])
15 SYSTEMPATH\Config\Services.php(164): CodeIgniter\CodeIgniter->__construct(Object(Config\App))
16 SYSTEMPATH\Config\BaseService.php(312): CodeIgniter\Config\Services::codeigniter(Object(Config\App), false)
17 SYSTEMPATH\Config\BaseService.php(251): CodeIgniter\Config\BaseService::__callStatic('codeigniter', [...])
18 SYSTEMPATH\Config\Services.php(159): CodeIgniter\Config\BaseService::getSharedInstance('codeigniter', null)
19 SYSTEMPATH\Config\BaseService.php(321): CodeIgniter\Config\Services::codeigniter()
20 SYSTEMPATH\Config\BaseService.php(202): CodeIgniter\Config\BaseService::__callStatic('codeigniter', [])
21 SYSTEMPATH\Common.php(1000): CodeIgniter\Config\BaseService::get('codeigniter')
22 SYSTEMPATH\Boot.php(320): service('codeigniter')
23 SYSTEMPATH\Boot.php(66): CodeIgniter\Boot::initializeCodeIgniter()
24 FCPATH\index.php(56): CodeIgniter\Boot::bootWeb(Object(Config\Paths))
CRITICAL - 2025-05-28 09:54:10 --> Error: Class "App\Models\UsuarioModel" not found
[Method: GET, Route: admin]
in APPPATH\Controllers\AdminController.php on line 16.
 1 SYSTEMPATH\CodeIgniter.php(933): App\Controllers\AdminController->index()
 2 SYSTEMPATH\CodeIgniter.php(507): CodeIgniter\CodeIgniter->runController(Object(App\Controllers\AdminController))
 3 SYSTEMPATH\CodeIgniter.php(354): CodeIgniter\CodeIgniter->handleRequest(null, Object(Config\Cache), false)
 4 SYSTEMPATH\Boot.php(334): CodeIgniter\CodeIgniter->run()
 5 SYSTEMPATH\Boot.php(67): CodeIgniter\Boot::runCodeIgniter(Object(CodeIgniter\CodeIgniter))
 6 FCPATH\index.php(56): CodeIgniter\Boot::bootWeb(Object(Config\Paths))
CRITICAL - 2025-05-28 09:59:53 --> Error: Class "App\Models\ProductModel" not found
[Method: GET, Route: admin]
in APPPATH\Controllers\AdminController.php on line 17.
 1 SYSTEMPATH\CodeIgniter.php(933): App\Controllers\AdminController->index()
 2 SYSTEMPATH\CodeIgniter.php(507): CodeIgniter\CodeIgniter->runController(Object(App\Controllers\AdminController))
 3 SYSTEMPATH\CodeIgniter.php(354): CodeIgniter\CodeIgniter->handleRequest(null, Object(Config\Cache), false)
 4 SYSTEMPATH\Boot.php(334): CodeIgniter\CodeIgniter->run()
 5 SYSTEMPATH\Boot.php(67): CodeIgniter\Boot::runCodeIgniter(Object(CodeIgniter\CodeIgniter))
 6 FCPATH\index.php(56): CodeIgniter\Boot::bootWeb(Object(Config\Paths))
CRITICAL - 2025-05-28 10:02:46 --> CodeIgniter\View\Exceptions\ViewException: Invalid file: "layout_admin.php"
[Method: GET, Route: admin]
in SYSTEMPATH\Exceptions\FrameworkException.php on line 39.
 1 SYSTEMPATH\View\View.php(212): CodeIgniter\Exceptions\FrameworkException::forInvalidFile('layout_admin.php')
 2 SYSTEMPATH\View\View.php(240): CodeIgniter\View\View->render('layout_admin', [], true)
 3 SYSTEMPATH\Common.php(1173): CodeIgniter\View\View->render('admin/dashboard', [], true)
 4 APPPATH\Controllers\AdminController.php(32): view('admin/dashboard', [...])
 5 SYSTEMPATH\CodeIgniter.php(933): App\Controllers\AdminController->index()
 6 SYSTEMPATH\CodeIgniter.php(507): CodeIgniter\CodeIgniter->runController(Object(App\Controllers\AdminController))
 7 SYSTEMPATH\CodeIgniter.php(354): CodeIgniter\CodeIgniter->handleRequest(null, Object(Config\Cache), false)
 8 SYSTEMPATH\Boot.php(334): CodeIgniter\CodeIgniter->run()
 9 SYSTEMPATH\Boot.php(67): CodeIgniter\Boot::runCodeIgniter(Object(CodeIgniter\CodeIgniter))
10 FCPATH\index.php(56): CodeIgniter\Boot::bootWeb(Object(Config\Paths))
CRITICAL - 2025-05-28 10:10:19 --> ErrorException: Undefined variable $ingresosTotales
[Method: GET, Route: admin]
in APPPATH\Views\admin\dashboard.php on line 12.
 1 APPPATH\Views\admin\dashboard.php(12): CodeIgniter\Debug\Exceptions->errorHandler(2, 'Undefined variable $ingresosTotales', 'C:\\xampp\\htdocs\\repositorio\\app\\Views\\admin\\dashboard.php', 12)
 2 SYSTEMPATH\View\View.php(224): include('C:\\xampp\\htdocs\\repositorio\\app\\Views\\admin\\dashboard.php')
 3 SYSTEMPATH\View\View.php(227): CodeIgniter\View\View->CodeIgniter\View\{closure}()
 4 SYSTEMPATH\Common.php(1173): CodeIgniter\View\View->render('admin/dashboard', [], true)
 5 APPPATH\Controllers\AdminController.php(32): view('admin/dashboard', [...])
 6 SYSTEMPATH\CodeIgniter.php(933): App\Controllers\AdminController->index()
 7 SYSTEMPATH\CodeIgniter.php(507): CodeIgniter\CodeIgniter->runController(Object(App\Controllers\AdminController))
 8 SYSTEMPATH\CodeIgniter.php(354): CodeIgniter\CodeIgniter->handleRequest(null, Object(Config\Cache), false)
 9 SYSTEMPATH\Boot.php(334): CodeIgniter\CodeIgniter->run()
10 SYSTEMPATH\Boot.php(67): CodeIgniter\Boot::runCodeIgniter(Object(CodeIgniter\CodeIgniter))
11 FCPATH\index.php(56): CodeIgniter\Boot::bootWeb(Object(Config\Paths))
CRITICAL - 2025-05-28 10:18:27 --> TypeError: count(): Argument #1 ($value) must be of type Countable|array, null given
[Method: GET, Route: admin]
in APPPATH\Views\admin\dashboard.php on line 76.
 1 SYSTEMPATH\View\View.php(224): include()
 2 SYSTEMPATH\View\View.php(227): CodeIgniter\View\View->CodeIgniter\View\{closure}()
 3 SYSTEMPATH\Common.php(1173): CodeIgniter\View\View->render('admin/dashboard', [], true)
 4 APPPATH\Controllers\AdminController.php(52): view('admin/dashboard', [...])
 5 SYSTEMPATH\CodeIgniter.php(933): App\Controllers\AdminController->index()
 6 SYSTEMPATH\CodeIgniter.php(507): CodeIgniter\CodeIgniter->runController(Object(App\Controllers\AdminController))
 7 SYSTEMPATH\CodeIgniter.php(354): CodeIgniter\CodeIgniter->handleRequest(null, Object(Config\Cache), false)
 8 SYSTEMPATH\Boot.php(334): CodeIgniter\CodeIgniter->run()
 9 SYSTEMPATH\Boot.php(67): CodeIgniter\Boot::runCodeIgniter(Object(CodeIgniter\CodeIgniter))
10 FCPATH\index.php(56): CodeIgniter\Boot::bootWeb(Object(Config\Paths))
CRITICAL - 2025-05-28 10:18:27 --> [Caused by] ErrorException: Undefined variable $ultimosPedidos
in APPPATH\Views\admin\dashboard.php on line 76.
 1 APPPATH\Views\admin\dashboard.php(76): CodeIgniter\Debug\Exceptions->errorHandler(2, 'Undefined variable $ultimosPedidos', 'C:\\xampp\\htdocs\\repositorio\\app\\Views\\admin\\dashboard.php', 76)
 2 SYSTEMPATH\View\View.php(224): include('C:\\xampp\\htdocs\\repositorio\\app\\Views\\admin\\dashboard.php')
 3 SYSTEMPATH\View\View.php(227): CodeIgniter\View\View->CodeIgniter\View\{closure}()
 4 SYSTEMPATH\Common.php(1173): CodeIgniter\View\View->render('admin/dashboard', [], true)
 5 APPPATH\Controllers\AdminController.php(52): view('admin/dashboard', [...])
 6 SYSTEMPATH\CodeIgniter.php(933): App\Controllers\AdminController->index()
 7 SYSTEMPATH\CodeIgniter.php(507): CodeIgniter\CodeIgniter->runController(Object(App\Controllers\AdminController))
 8 SYSTEMPATH\CodeIgniter.php(354): CodeIgniter\CodeIgniter->handleRequest(null, Object(Config\Cache), false)
 9 SYSTEMPATH\Boot.php(334): CodeIgniter\CodeIgniter->run()
10 SYSTEMPATH\Boot.php(67): CodeIgniter\Boot::runCodeIgniter(Object(CodeIgniter\CodeIgniter))
11 FCPATH\index.php(56): CodeIgniter\Boot::bootWeb(Object(Config\Paths))
CRITICAL - 2025-05-28 11:08:52 --> ErrorException: Undefined array key "fname"
[Method: GET, Route: admin/pedidos]
in APPPATH\Views\admin\pedidos.php on line 50.
 1 APPPATH\Views\admin\pedidos.php(50): CodeIgniter\Debug\Exceptions->errorHandler(2, 'Undefined array key "fname"', 'C:\\xampp\\htdocs\\repositorio\\app\\Views\\admin\\pedidos.php', 50)
 2 SYSTEMPATH\View\View.php(224): include('C:\\xampp\\htdocs\\repositorio\\app\\Views\\admin\\pedidos.php')
 3 SYSTEMPATH\View\View.php(227): CodeIgniter\View\View->CodeIgniter\View\{closure}()
 4 SYSTEMPATH\Common.php(1173): CodeIgniter\View\View->render('admin/pedidos', [], true)
 5 APPPATH\Controllers\AdminController.php(109): view('admin/pedidos', [...])
 6 SYSTEMPATH\CodeIgniter.php(933): App\Controllers\AdminController->pedidos()
 7 SYSTEMPATH\CodeIgniter.php(507): CodeIgniter\CodeIgniter->runController(Object(App\Controllers\AdminController))
 8 SYSTEMPATH\CodeIgniter.php(354): CodeIgniter\CodeIgniter->handleRequest(null, Object(Config\Cache), false)
 9 SYSTEMPATH\Boot.php(334): CodeIgniter\CodeIgniter->run()
10 SYSTEMPATH\Boot.php(67): CodeIgniter\Boot::runCodeIgniter(Object(CodeIgniter\CodeIgniter))
11 FCPATH\index.php(56): CodeIgniter\Boot::bootWeb(Object(Config\Paths))
CRITICAL - 2025-05-28 11:26:41 --> ErrorException: Undefined array key "estado"
[Method: GET, Route: admin/pedidos/1]
in APPPATH\Views\admin\ver_pedido.php on line 75.
 1 APPPATH\Views\admin\ver_pedido.php(75): CodeIgniter\Debug\Exceptions->errorHandler(2, 'Undefined array key "estado"', 'C:\\xampp\\htdocs\\repositorio\\app\\Views\\admin\\ver_pedido.php', 75)
 2 SYSTEMPATH\View\View.php(224): include('C:\\xampp\\htdocs\\repositorio\\app\\Views\\admin\\ver_pedido.php')
 3 SYSTEMPATH\View\View.php(227): CodeIgniter\View\View->CodeIgniter\View\{closure}()
 4 SYSTEMPATH\Common.php(1173): CodeIgniter\View\View->render('admin/ver_pedido', [], true)
 5 APPPATH\Controllers\AdminController.php(137): view('admin/ver_pedido', [...])
 6 SYSTEMPATH\CodeIgniter.php(933): App\Controllers\AdminController->verPedido('1')
 7 SYSTEMPATH\CodeIgniter.php(507): CodeIgniter\CodeIgniter->runController(Object(App\Controllers\AdminController))
 8 SYSTEMPATH\CodeIgniter.php(354): CodeIgniter\CodeIgniter->handleRequest(null, Object(Config\Cache), false)
 9 SYSTEMPATH\Boot.php(334): CodeIgniter\CodeIgniter->run()
10 SYSTEMPATH\Boot.php(67): CodeIgniter\Boot::runCodeIgniter(Object(CodeIgniter\CodeIgniter))
11 FCPATH\index.php(56): CodeIgniter\Boot::bootWeb(Object(Config\Paths))
CRITICAL - 2025-05-28 11:27:54 --> ErrorException: Undefined array key "estado"
[Method: GET, Route: admin/pedidos/1]
in APPPATH\Views\admin\ver_pedido.php on line 65.
 1 APPPATH\Views\admin\ver_pedido.php(65): CodeIgniter\Debug\Exceptions->errorHandler(2, 'Undefined array key "estado"', 'C:\\xampp\\htdocs\\repositorio\\app\\Views\\admin\\ver_pedido.php', 65)
 2 SYSTEMPATH\View\View.php(224): include('C:\\xampp\\htdocs\\repositorio\\app\\Views\\admin\\ver_pedido.php')
 3 SYSTEMPATH\View\View.php(227): CodeIgniter\View\View->CodeIgniter\View\{closure}()
 4 SYSTEMPATH\Common.php(1173): CodeIgniter\View\View->render('admin/ver_pedido', [], true)
 5 APPPATH\Controllers\AdminController.php(137): view('admin/ver_pedido', [...])
 6 SYSTEMPATH\CodeIgniter.php(933): App\Controllers\AdminController->verPedido('1')
 7 SYSTEMPATH\CodeIgniter.php(507): CodeIgniter\CodeIgniter->runController(Object(App\Controllers\AdminController))
 8 SYSTEMPATH\CodeIgniter.php(354): CodeIgniter\CodeIgniter->handleRequest(null, Object(Config\Cache), false)
 9 SYSTEMPATH\Boot.php(334): CodeIgniter\CodeIgniter->run()
10 SYSTEMPATH\Boot.php(67): CodeIgniter\Boot::runCodeIgniter(Object(CodeIgniter\CodeIgniter))
11 FCPATH\index.php(56): CodeIgniter\Boot::bootWeb(Object(Config\Paths))
CRITICAL - 2025-05-28 11:50:52 --> Error: Class "App\Models\CategoryModel" not found
[Method: GET, Route: admin/inventario/nuevo]
in APPPATH\Controllers\AdminController.php on line 184.
 1 SYSTEMPATH\CodeIgniter.php(933): App\Controllers\AdminController->nuevoProducto()
 2 SYSTEMPATH\CodeIgniter.php(507): CodeIgniter\CodeIgniter->runController(Object(App\Controllers\AdminController))
 3 SYSTEMPATH\CodeIgniter.php(354): CodeIgniter\CodeIgniter->handleRequest(null, Object(Config\Cache), false)
 4 SYSTEMPATH\Boot.php(334): CodeIgniter\CodeIgniter->run()
 5 SYSTEMPATH\Boot.php(67): CodeIgniter\Boot::runCodeIgniter(Object(CodeIgniter\CodeIgniter))
 6 FCPATH\index.php(56): CodeIgniter\Boot::bootWeb(Object(Config\Paths))
DEBUG - 2025-05-28 11:56:29 --> Session: Class initialized using 'CodeIgniter\Session\Handlers\FileHandler' driver.
DEBUG - 2025-05-28 12:01:04 --> Session: Class initialized using 'CodeIgniter\Session\Handlers\FileHandler' driver.
DEBUG - 2025-05-28 12:20:01 --> Session: Class initialized using 'CodeIgniter\Session\Handlers\FileHandler' driver.
DEBUG - 2025-05-28 12:21:59 --> Session: Class initialized using 'CodeIgniter\Session\Handlers\FileHandler' driver.
DEBUG - 2025-05-28 12:22:33 --> Session: Class initialized using 'CodeIgniter\Session\Handlers\FileHandler' driver.
ERROR - 2025-05-28 12:28:38 --> mysqli_sql_exception: Unknown column 'c.deleted_at' in 'where clause' in C:\xampp\htdocs\repositorio\system\Database\MySQLi\Connection.php:327
Stack trace:
#0 C:\xampp\htdocs\repositorio\system\Database\MySQLi\Connection.php(327): mysqli->query('SELECT `c`.*, C...', 0)
#1 C:\xampp\htdocs\repositorio\system\Database\BaseConnection.php(738): CodeIgniter\Database\MySQLi\Connection->execute('SELECT `c`.*, C...')
#2 C:\xampp\htdocs\repositorio\system\Database\BaseConnection.php(652): CodeIgniter\Database\BaseConnection->simpleQuery('SELECT `c`.*, C...')
#3 C:\xampp\htdocs\repositorio\system\Database\BaseBuilder.php(1649): CodeIgniter\Database\BaseConnection->query('SELECT `c`.*, C...', Array, false)
#4 C:\xampp\htdocs\repositorio\app\Controllers\AdminController.php(239): CodeIgniter\Database\BaseBuilder->get()
#5 C:\xampp\htdocs\repositorio\system\CodeIgniter.php(933): App\Controllers\AdminController->categorias()
#6 C:\xampp\htdocs\repositorio\system\CodeIgniter.php(507): CodeIgniter\CodeIgniter->runController(Object(App\Controllers\AdminController))
#7 C:\xampp\htdocs\repositorio\system\CodeIgniter.php(354): CodeIgniter\CodeIgniter->handleRequest(NULL, Object(Config\Cache), false)
#8 C:\xampp\htdocs\repositorio\system\Boot.php(334): CodeIgniter\CodeIgniter->run()
#9 C:\xampp\htdocs\repositorio\system\Boot.php(67): CodeIgniter\Boot::runCodeIgniter(Object(CodeIgniter\CodeIgniter))
#10 C:\xampp\htdocs\repositorio\public\index.php(56): CodeIgniter\Boot::bootWeb(Object(Config\Paths))
#11 {main}
CRITICAL - 2025-05-28 12:28:39 --> CodeIgniter\Database\Exceptions\DatabaseException: Unknown column 'c.deleted_at' in 'where clause'
[Method: GET, Route: admin/categorias]
in SYSTEMPATH\Database\BaseConnection.php on line 692.
 1 SYSTEMPATH\Database\BaseBuilder.php(1649): CodeIgniter\Database\BaseConnection->query('SELECT `c`.*, COUNT(p.product_id) as total_productos
FROM `category` `c`
LEFT JOIN `product` `p` ON `p`.`category_id` = `c`.`category_id`
WHERE `c`.`deleted_at` IS NULL
GROUP BY `c`.`category_id`', [], false)
 2 APPPATH\Controllers\AdminController.php(239): CodeIgniter\Database\BaseBuilder->get()
 3 SYSTEMPATH\CodeIgniter.php(933): App\Controllers\AdminController->categorias()
 4 SYSTEMPATH\CodeIgniter.php(507): CodeIgniter\CodeIgniter->runController(Object(App\Controllers\AdminController))
 5 SYSTEMPATH\CodeIgniter.php(354): CodeIgniter\CodeIgniter->handleRequest(null, Object(Config\Cache), false)
 6 SYSTEMPATH\Boot.php(334): CodeIgniter\CodeIgniter->run()
 7 SYSTEMPATH\Boot.php(67): CodeIgniter\Boot::runCodeIgniter(Object(CodeIgniter\CodeIgniter))
 8 FCPATH\index.php(56): CodeIgniter\Boot::bootWeb(Object(Config\Paths))
CRITICAL - 2025-05-28 12:28:39 --> [Caused by] CodeIgniter\Database\Exceptions\DatabaseException: Unknown column 'c.deleted_at' in 'where clause'
in SYSTEMPATH\Database\MySQLi\Connection.php on line 332.
 1 SYSTEMPATH\Database\BaseConnection.php(738): CodeIgniter\Database\MySQLi\Connection->execute('SELECT `c`.*, COUNT(p.product_id) as total_productos
FROM `category` `c`
LEFT JOIN `product` `p` ON `p`.`category_id` = `c`.`category_id`
WHERE `c`.`deleted_at` IS NULL
GROUP BY `c`.`category_id`')
 2 SYSTEMPATH\Database\BaseConnection.php(652): CodeIgniter\Database\BaseConnection->simpleQuery('SELECT `c`.*, COUNT(p.product_id) as total_productos
FROM `category` `c`
LEFT JOIN `product` `p` ON `p`.`category_id` = `c`.`category_id`
WHERE `c`.`deleted_at` IS NULL
GROUP BY `c`.`category_id`')
 3 SYSTEMPATH\Database\BaseBuilder.php(1649): CodeIgniter\Database\BaseConnection->query('SELECT `c`.*, COUNT(p.product_id) as total_productos
FROM `category` `c`
LEFT JOIN `product` `p` ON `p`.`category_id` = `c`.`category_id`
WHERE `c`.`deleted_at` IS NULL
GROUP BY `c`.`category_id`', [], false)
 4 APPPATH\Controllers\AdminController.php(239): CodeIgniter\Database\BaseBuilder->get()
 5 SYSTEMPATH\CodeIgniter.php(933): App\Controllers\AdminController->categorias()
 6 SYSTEMPATH\CodeIgniter.php(507): CodeIgniter\CodeIgniter->runController(Object(App\Controllers\AdminController))
 7 SYSTEMPATH\CodeIgniter.php(354): CodeIgniter\CodeIgniter->handleRequest(null, Object(Config\Cache), false)
 8 SYSTEMPATH\Boot.php(334): CodeIgniter\CodeIgniter->run()
 9 SYSTEMPATH\Boot.php(67): CodeIgniter\Boot::runCodeIgniter(Object(CodeIgniter\CodeIgniter))
10 FCPATH\index.php(56): CodeIgniter\Boot::bootWeb(Object(Config\Paths))
CRITICAL - 2025-05-28 12:28:39 --> [Caused by] mysqli_sql_exception: Unknown column 'c.deleted_at' in 'where clause'
in SYSTEMPATH\Database\MySQLi\Connection.php on line 327.
 1 SYSTEMPATH\Database\MySQLi\Connection.php(327): mysqli->query('SELECT `c`.*, COUNT(p.product_id) as total_productos
FROM `category` `c`
LEFT JOIN `product` `p` ON `p`.`category_id` = `c`.`category_id`
WHERE `c`.`deleted_at` IS NULL
GROUP BY `c`.`category_id`', 0)
 2 SYSTEMPATH\Database\BaseConnection.php(738): CodeIgniter\Database\MySQLi\Connection->execute('SELECT `c`.*, COUNT(p.product_id) as total_productos
FROM `category` `c`
LEFT JOIN `product` `p` ON `p`.`category_id` = `c`.`category_id`
WHERE `c`.`deleted_at` IS NULL
GROUP BY `c`.`category_id`')
 3 SYSTEMPATH\Database\BaseConnection.php(652): CodeIgniter\Database\BaseConnection->simpleQuery('SELECT `c`.*, COUNT(p.product_id) as total_productos
FROM `category` `c`
LEFT JOIN `product` `p` ON `p`.`category_id` = `c`.`category_id`
WHERE `c`.`deleted_at` IS NULL
GROUP BY `c`.`category_id`')
 4 SYSTEMPATH\Database\BaseBuilder.php(1649): CodeIgniter\Database\BaseConnection->query('SELECT `c`.*, COUNT(p.product_id) as total_productos
FROM `category` `c`
LEFT JOIN `product` `p` ON `p`.`category_id` = `c`.`category_id`
WHERE `c`.`deleted_at` IS NULL
GROUP BY `c`.`category_id`', [], false)
 5 APPPATH\Controllers\AdminController.php(239): CodeIgniter\Database\BaseBuilder->get()
 6 SYSTEMPATH\CodeIgniter.php(933): App\Controllers\AdminController->categorias()
 7 SYSTEMPATH\CodeIgniter.php(507): CodeIgniter\CodeIgniter->runController(Object(App\Controllers\AdminController))
 8 SYSTEMPATH\CodeIgniter.php(354): CodeIgniter\CodeIgniter->handleRequest(null, Object(Config\Cache), false)
 9 SYSTEMPATH\Boot.php(334): CodeIgniter\CodeIgniter->run()
10 SYSTEMPATH\Boot.php(67): CodeIgniter\Boot::runCodeIgniter(Object(CodeIgniter\CodeIgniter))
11 FCPATH\index.php(56): CodeIgniter\Boot::bootWeb(Object(Config\Paths))
CRITICAL - 2025-05-28 12:38:10 --> ErrorException: Undefined array key "slug"
[Method: GET, Route: admin/categorias]
in APPPATH\Views\admin\categorias.php on line 27.
 1 APPPATH\Views\admin\categorias.php(27): CodeIgniter\Debug\Exceptions->errorHandler(2, 'Undefined array key "slug"', 'C:\\xampp\\htdocs\\repositorio\\app\\Views\\admin\\categorias.php', 27)
 2 SYSTEMPATH\View\View.php(224): include('C:\\xampp\\htdocs\\repositorio\\app\\Views\\admin\\categorias.php')
 3 SYSTEMPATH\View\View.php(227): CodeIgniter\View\View->CodeIgniter\View\{closure}()
 4 SYSTEMPATH\Common.php(1173): CodeIgniter\View\View->render('admin/categorias', [], true)
 5 APPPATH\Controllers\AdminController.php(241): view('admin/categorias', [...])
 6 SYSTEMPATH\CodeIgniter.php(933): App\Controllers\AdminController->categorias()
 7 SYSTEMPATH\CodeIgniter.php(507): CodeIgniter\CodeIgniter->runController(Object(App\Controllers\AdminController))
 8 SYSTEMPATH\CodeIgniter.php(354): CodeIgniter\CodeIgniter->handleRequest(null, Object(Config\Cache), false)
 9 SYSTEMPATH\Boot.php(334): CodeIgniter\CodeIgniter->run()
10 SYSTEMPATH\Boot.php(67): CodeIgniter\Boot::runCodeIgniter(Object(CodeIgniter\CodeIgniter))
11 FCPATH\index.php(56): CodeIgniter\Boot::bootWeb(Object(Config\Paths))
CRITICAL - 2025-05-28 12:43:30 --> ErrorException: Undefined array key "description"
[Method: GET, Route: admin/categorias]
in APPPATH\Views\admin\categorias.php on line 33.
 1 APPPATH\Views\admin\categorias.php(33): CodeIgniter\Debug\Exceptions->errorHandler(2, 'Undefined array key "description"', 'C:\\xampp\\htdocs\\repositorio\\app\\Views\\admin\\categorias.php', 33)
 2 SYSTEMPATH\View\View.php(224): include('C:\\xampp\\htdocs\\repositorio\\app\\Views\\admin\\categorias.php')
 3 SYSTEMPATH\View\View.php(227): CodeIgniter\View\View->CodeIgniter\View\{closure}()
 4 SYSTEMPATH\Common.php(1173): CodeIgniter\View\View->render('admin/categorias', [], true)
 5 APPPATH\Controllers\AdminController.php(241): view('admin/categorias', [...])
 6 SYSTEMPATH\CodeIgniter.php(933): App\Controllers\AdminController->categorias()
 7 SYSTEMPATH\CodeIgniter.php(507): CodeIgniter\CodeIgniter->runController(Object(App\Controllers\AdminController))
 8 SYSTEMPATH\CodeIgniter.php(354): CodeIgniter\CodeIgniter->handleRequest(null, Object(Config\Cache), false)
 9 SYSTEMPATH\Boot.php(334): CodeIgniter\CodeIgniter->run()
10 SYSTEMPATH\Boot.php(67): CodeIgniter\Boot::runCodeIgniter(Object(CodeIgniter\CodeIgniter))
11 FCPATH\index.php(56): CodeIgniter\Boot::bootWeb(Object(Config\Paths))
CRITICAL - 2025-05-28 12:43:51 --> ErrorException: Undefined array key "description"
[Method: GET, Route: admin/categorias]
in APPPATH\Views\admin\categorias.php on line 33.
 1 APPPATH\Views\admin\categorias.php(33): CodeIgniter\Debug\Exceptions->errorHandler(2, 'Undefined array key "description"', 'C:\\xampp\\htdocs\\repositorio\\app\\Views\\admin\\categorias.php', 33)
 2 SYSTEMPATH\View\View.php(224): include('C:\\xampp\\htdocs\\repositorio\\app\\Views\\admin\\categorias.php')
 3 SYSTEMPATH\View\View.php(227): CodeIgniter\View\View->CodeIgniter\View\{closure}()
 4 SYSTEMPATH\Common.php(1173): CodeIgniter\View\View->render('admin/categorias', [], true)
 5 APPPATH\Controllers\AdminController.php(241): view('admin/categorias', [...])
 6 SYSTEMPATH\CodeIgniter.php(933): App\Controllers\AdminController->categorias()
 7 SYSTEMPATH\CodeIgniter.php(507): CodeIgniter\CodeIgniter->runController(Object(App\Controllers\AdminController))
 8 SYSTEMPATH\CodeIgniter.php(354): CodeIgniter\CodeIgniter->handleRequest(null, Object(Config\Cache), false)
 9 SYSTEMPATH\Boot.php(334): CodeIgniter\CodeIgniter->run()
10 SYSTEMPATH\Boot.php(67): CodeIgniter\Boot::runCodeIgniter(Object(CodeIgniter\CodeIgniter))
11 FCPATH\index.php(56): CodeIgniter\Boot::bootWeb(Object(Config\Paths))
CRITICAL - 2025-05-28 12:43:56 --> ErrorException: Undefined array key "description"
[Method: GET, Route: admin/categorias]
in APPPATH\Views\admin\categorias.php on line 33.
 1 APPPATH\Views\admin\categorias.php(33): CodeIgniter\Debug\Exceptions->errorHandler(2, 'Undefined array key "description"', 'C:\\xampp\\htdocs\\repositorio\\app\\Views\\admin\\categorias.php', 33)
 2 SYSTEMPATH\View\View.php(224): include('C:\\xampp\\htdocs\\repositorio\\app\\Views\\admin\\categorias.php')
 3 SYSTEMPATH\View\View.php(227): CodeIgniter\View\View->CodeIgniter\View\{closure}()
 4 SYSTEMPATH\Common.php(1173): CodeIgniter\View\View->render('admin/categorias', [], true)
 5 APPPATH\Controllers\AdminController.php(241): view('admin/categorias', [...])
 6 SYSTEMPATH\CodeIgniter.php(933): App\Controllers\AdminController->categorias()
 7 SYSTEMPATH\CodeIgniter.php(507): CodeIgniter\CodeIgniter->runController(Object(App\Controllers\AdminController))
 8 SYSTEMPATH\CodeIgniter.php(354): CodeIgniter\CodeIgniter->handleRequest(null, Object(Config\Cache), false)
 9 SYSTEMPATH\Boot.php(334): CodeIgniter\CodeIgniter->run()
10 SYSTEMPATH\Boot.php(67): CodeIgniter\Boot::runCodeIgniter(Object(CodeIgniter\CodeIgniter))
11 FCPATH\index.php(56): CodeIgniter\Boot::bootWeb(Object(Config\Paths))
CRITICAL - 2025-05-28 12:46:07 --> ErrorException: Undefined array key "description"
[Method: GET, Route: admin/categorias]
in APPPATH\Views\admin\categorias.php on line 33.
 1 APPPATH\Views\admin\categorias.php(33): CodeIgniter\Debug\Exceptions->errorHandler(2, 'Undefined array key "description"', 'C:\\xampp\\htdocs\\repositorio\\app\\Views\\admin\\categorias.php', 33)
 2 SYSTEMPATH\View\View.php(224): include('C:\\xampp\\htdocs\\repositorio\\app\\Views\\admin\\categorias.php')
 3 SYSTEMPATH\View\View.php(227): CodeIgniter\View\View->CodeIgniter\View\{closure}()
 4 SYSTEMPATH\Common.php(1173): CodeIgniter\View\View->render('admin/categorias', [], true)
 5 APPPATH\Controllers\AdminController.php(241): view('admin/categorias', [...])
 6 SYSTEMPATH\CodeIgniter.php(933): App\Controllers\AdminController->categorias()
 7 SYSTEMPATH\CodeIgniter.php(507): CodeIgniter\CodeIgniter->runController(Object(App\Controllers\AdminController))
 8 SYSTEMPATH\CodeIgniter.php(354): CodeIgniter\CodeIgniter->handleRequest(null, Object(Config\Cache), false)
 9 SYSTEMPATH\Boot.php(334): CodeIgniter\CodeIgniter->run()
10 SYSTEMPATH\Boot.php(67): CodeIgniter\Boot::runCodeIgniter(Object(CodeIgniter\CodeIgniter))
11 FCPATH\index.php(56): CodeIgniter\Boot::bootWeb(Object(Config\Paths))
DEBUG - 2025-05-28 12:50:10 --> Session: Class initialized using 'CodeIgniter\Session\Handlers\FileHandler' driver.
DEBUG - 2025-05-28 12:52:31 --> Session: Class initialized using 'CodeIgniter\Session\Handlers\FileHandler' driver.
DEBUG - 2025-05-28 12:57:06 --> Session: Class initialized using 'CodeIgniter\Session\Handlers\FileHandler' driver.
ERROR - 2025-05-28 13:14:02 --> mysqli_sql_exception: Table 'taberna_del_gnomo.users' doesn't exist in C:\xampp\htdocs\repositorio\system\Database\MySQLi\Connection.php:327
Stack trace:
#0 C:\xampp\htdocs\repositorio\system\Database\MySQLi\Connection.php(327): mysqli->query('SELECT 1\nFROM `...', 0)
#1 C:\xampp\htdocs\repositorio\system\Database\BaseConnection.php(738): CodeIgniter\Database\MySQLi\Connection->execute('SELECT 1\nFROM `...')
#2 C:\xampp\htdocs\repositorio\system\Database\BaseConnection.php(652): CodeIgniter\Database\BaseConnection->simpleQuery('SELECT 1\nFROM `...')
#3 C:\xampp\htdocs\repositorio\system\Database\BaseBuilder.php(1649): CodeIgniter\Database\BaseConnection->query('SELECT 1\nFROM `...', Array, false)
#4 C:\xampp\htdocs\repositorio\system\Validation\Rules.php(175): CodeIgniter\Database\BaseBuilder->get()
#5 C:\xampp\htdocs\repositorio\system\Validation\StrictRules\Rules.php(187): CodeIgniter\Validation\Rules->is_unique('tobiasorban00@g...', 'users.mail', Array)
#6 C:\xampp\htdocs\repositorio\system\Validation\Validation.php(337): CodeIgniter\Validation\StrictRules\Rules->is_unique('tobiasorban00@g...', 'users.mail', Array, NULL, 'mail')
#7 C:\xampp\htdocs\repositorio\system\Validation\Validation.php(202): CodeIgniter\Validation\Validation->processRules('mail', 'mail', 'tobiasorban00@g...', Array, Array, 'mail')
#8 C:\xampp\htdocs\repositorio\system\BaseModel.php(1576): CodeIgniter\Validation\Validation->run(Array, NULL, NULL)
#9 C:\xampp\htdocs\repositorio\system\BaseModel.php(808): CodeIgniter\BaseModel->validate(Array)
#10 C:\xampp\htdocs\repositorio\system\Model.php(800): CodeIgniter\BaseModel->insert(Array, false)
#11 C:\xampp\htdocs\repositorio\system\BaseModel.php(750): CodeIgniter\Model->insert(Array, false)
#12 C:\xampp\htdocs\repositorio\app\Controllers\AdminController.php(313): CodeIgniter\BaseModel->save(Array)
#13 C:\xampp\htdocs\repositorio\system\CodeIgniter.php(933): App\Controllers\AdminController->guardarUsuario()
#14 C:\xampp\htdocs\repositorio\system\CodeIgniter.php(507): CodeIgniter\CodeIgniter->runController(Object(App\Controllers\AdminController))
#15 C:\xampp\htdocs\repositorio\system\CodeIgniter.php(354): CodeIgniter\CodeIgniter->handleRequest(NULL, Object(Config\Cache), false)
#16 C:\xampp\htdocs\repositorio\system\Boot.php(334): CodeIgniter\CodeIgniter->run()
#17 C:\xampp\htdocs\repositorio\system\Boot.php(67): CodeIgniter\Boot::runCodeIgniter(Object(CodeIgniter\CodeIgniter))
#18 C:\xampp\htdocs\repositorio\public\index.php(56): CodeIgniter\Boot::bootWeb(Object(Config\Paths))
#19 {main}
CRITICAL - 2025-05-28 13:14:02 --> CodeIgniter\Database\Exceptions\DatabaseException: Table 'taberna_del_gnomo.users' doesn't exist
[Method: POST, Route: admin/usuarios/guardar]
in SYSTEMPATH\Database\BaseConnection.php on line 692.
 1 SYSTEMPATH\Database\BaseBuilder.php(1649): CodeIgniter\Database\BaseConnection->query('SELECT 1
FROM `users`
WHERE `mail` = :mail:
 LIMIT 1', [...], false)
 2 SYSTEMPATH\Validation\Rules.php(175): CodeIgniter\Database\BaseBuilder->get()
 3 SYSTEMPATH\Validation\StrictRules\Rules.php(187): CodeIgniter\Validation\Rules->is_unique('tobiasorban00@gmail.com', 'users.mail', [...])
 4 SYSTEMPATH\Validation\Validation.php(337): CodeIgniter\Validation\StrictRules\Rules->is_unique('tobiasorban00@gmail.com', 'users.mail', [...], null, 'mail')
 5 SYSTEMPATH\Validation\Validation.php(202): CodeIgniter\Validation\Validation->processRules('mail', 'mail', 'tobiasorban00@gmail.com', [...], [...], 'mail')
 6 SYSTEMPATH\BaseModel.php(1576): CodeIgniter\Validation\Validation->run([...], null, null)
 7 SYSTEMPATH\BaseModel.php(808): CodeIgniter\BaseModel->validate([...])
 8 SYSTEMPATH\Model.php(800): CodeIgniter\BaseModel->insert([...], false)
 9 SYSTEMPATH\BaseModel.php(750): CodeIgniter\Model->insert([...], false)
10 APPPATH\Controllers\AdminController.php(313): CodeIgniter\BaseModel->save([...])
11 SYSTEMPATH\CodeIgniter.php(933): App\Controllers\AdminController->guardarUsuario()
12 SYSTEMPATH\CodeIgniter.php(507): CodeIgniter\CodeIgniter->runController(Object(App\Controllers\AdminController))
13 SYSTEMPATH\CodeIgniter.php(354): CodeIgniter\CodeIgniter->handleRequest(null, Object(Config\Cache), false)
14 SYSTEMPATH\Boot.php(334): CodeIgniter\CodeIgniter->run()
15 SYSTEMPATH\Boot.php(67): CodeIgniter\Boot::runCodeIgniter(Object(CodeIgniter\CodeIgniter))
16 FCPATH\index.php(56): CodeIgniter\Boot::bootWeb(Object(Config\Paths))
CRITICAL - 2025-05-28 13:14:02 --> [Caused by] CodeIgniter\Database\Exceptions\DatabaseException: Table 'taberna_del_gnomo.users' doesn't exist
in SYSTEMPATH\Database\MySQLi\Connection.php on line 332.
 1 SYSTEMPATH\Database\BaseConnection.php(738): CodeIgniter\Database\MySQLi\Connection->execute('SELECT 1
FROM `users`
WHERE `mail` = \'tobiasorban00@gmail.com\'
 LIMIT 1')
 2 SYSTEMPATH\Database\BaseConnection.php(652): CodeIgniter\Database\BaseConnection->simpleQuery('SELECT 1
FROM `users`
WHERE `mail` = \'tobiasorban00@gmail.com\'
 LIMIT 1')
 3 SYSTEMPATH\Database\BaseBuilder.php(1649): CodeIgniter\Database\BaseConnection->query('SELECT 1
FROM `users`
WHERE `mail` = :mail:
 LIMIT 1', [...], false)
 4 SYSTEMPATH\Validation\Rules.php(175): CodeIgniter\Database\BaseBuilder->get()
 5 SYSTEMPATH\Validation\StrictRules\Rules.php(187): CodeIgniter\Validation\Rules->is_unique('tobiasorban00@gmail.com', 'users.mail', [...])
 6 SYSTEMPATH\Validation\Validation.php(337): CodeIgniter\Validation\StrictRules\Rules->is_unique('tobiasorban00@gmail.com', 'users.mail', [...], null, 'mail')
 7 SYSTEMPATH\Validation\Validation.php(202): CodeIgniter\Validation\Validation->processRules('mail', 'mail', 'tobiasorban00@gmail.com', [...], [...], 'mail')
 8 SYSTEMPATH\BaseModel.php(1576): CodeIgniter\Validation\Validation->run([...], null, null)
 9 SYSTEMPATH\BaseModel.php(808): CodeIgniter\BaseModel->validate([...])
10 SYSTEMPATH\Model.php(800): CodeIgniter\BaseModel->insert([...], false)
11 SYSTEMPATH\BaseModel.php(750): CodeIgniter\Model->insert([...], false)
12 APPPATH\Controllers\AdminController.php(313): CodeIgniter\BaseModel->save([...])
13 SYSTEMPATH\CodeIgniter.php(933): App\Controllers\AdminController->guardarUsuario()
14 SYSTEMPATH\CodeIgniter.php(507): CodeIgniter\CodeIgniter->runController(Object(App\Controllers\AdminController))
15 SYSTEMPATH\CodeIgniter.php(354): CodeIgniter\CodeIgniter->handleRequest(null, Object(Config\Cache), false)
16 SYSTEMPATH\Boot.php(334): CodeIgniter\CodeIgniter->run()
17 SYSTEMPATH\Boot.php(67): CodeIgniter\Boot::runCodeIgniter(Object(CodeIgniter\CodeIgniter))
18 FCPATH\index.php(56): CodeIgniter\Boot::bootWeb(Object(Config\Paths))
CRITICAL - 2025-05-28 13:14:02 --> [Caused by] mysqli_sql_exception: Table 'taberna_del_gnomo.users' doesn't exist
in SYSTEMPATH\Database\MySQLi\Connection.php on line 327.
 1 SYSTEMPATH\Database\MySQLi\Connection.php(327): mysqli->query('SELECT 1
FROM `users`
WHERE `mail` = \'tobiasorban00@gmail.com\'
 LIMIT 1', 0)
 2 SYSTEMPATH\Database\BaseConnection.php(738): CodeIgniter\Database\MySQLi\Connection->execute('SELECT 1
FROM `users`
WHERE `mail` = \'tobiasorban00@gmail.com\'
 LIMIT 1')
 3 SYSTEMPATH\Database\BaseConnection.php(652): CodeIgniter\Database\BaseConnection->simpleQuery('SELECT 1
FROM `users`
WHERE `mail` = \'tobiasorban00@gmail.com\'
 LIMIT 1')
 4 SYSTEMPATH\Database\BaseBuilder.php(1649): CodeIgniter\Database\BaseConnection->query('SELECT 1
FROM `users`
WHERE `mail` = :mail:
 LIMIT 1', [...], false)
 5 SYSTEMPATH\Validation\Rules.php(175): CodeIgniter\Database\BaseBuilder->get()
 6 SYSTEMPATH\Validation\StrictRules\Rules.php(187): CodeIgniter\Validation\Rules->is_unique('tobiasorban00@gmail.com', 'users.mail', [...])
 7 SYSTEMPATH\Validation\Validation.php(337): CodeIgniter\Validation\StrictRules\Rules->is_unique('tobiasorban00@gmail.com', 'users.mail', [...], null, 'mail')
 8 SYSTEMPATH\Validation\Validation.php(202): CodeIgniter\Validation\Validation->processRules('mail', 'mail', 'tobiasorban00@gmail.com', [...], [...], 'mail')
 9 SYSTEMPATH\BaseModel.php(1576): CodeIgniter\Validation\Validation->run([...], null, null)
10 SYSTEMPATH\BaseModel.php(808): CodeIgniter\BaseModel->validate([...])
11 SYSTEMPATH\Model.php(800): CodeIgniter\BaseModel->insert([...], false)
12 SYSTEMPATH\BaseModel.php(750): CodeIgniter\Model->insert([...], false)
13 APPPATH\Controllers\AdminController.php(313): CodeIgniter\BaseModel->save([...])
14 SYSTEMPATH\CodeIgniter.php(933): App\Controllers\AdminController->guardarUsuario()
15 SYSTEMPATH\CodeIgniter.php(507): CodeIgniter\CodeIgniter->runController(Object(App\Controllers\AdminController))
16 SYSTEMPATH\CodeIgniter.php(354): CodeIgniter\CodeIgniter->handleRequest(null, Object(Config\Cache), false)
17 SYSTEMPATH\Boot.php(334): CodeIgniter\CodeIgniter->run()
18 SYSTEMPATH\Boot.php(67): CodeIgniter\Boot::runCodeIgniter(Object(CodeIgniter\CodeIgniter))
19 FCPATH\index.php(56): CodeIgniter\Boot::bootWeb(Object(Config\Paths))
ERROR - 2025-05-28 13:14:11 --> mysqli_sql_exception: Table 'taberna_del_gnomo.users' doesn't exist in C:\xampp\htdocs\repositorio\system\Database\MySQLi\Connection.php:327
Stack trace:
#0 C:\xampp\htdocs\repositorio\system\Database\MySQLi\Connection.php(327): mysqli->query('SELECT 1\nFROM `...', 0)
#1 C:\xampp\htdocs\repositorio\system\Database\BaseConnection.php(738): CodeIgniter\Database\MySQLi\Connection->execute('SELECT 1\nFROM `...')
#2 C:\xampp\htdocs\repositorio\system\Database\BaseConnection.php(652): CodeIgniter\Database\BaseConnection->simpleQuery('SELECT 1\nFROM `...')
#3 C:\xampp\htdocs\repositorio\system\Database\BaseBuilder.php(1649): CodeIgniter\Database\BaseConnection->query('SELECT 1\nFROM `...', Array, false)
#4 C:\xampp\htdocs\repositorio\system\Validation\Rules.php(175): CodeIgniter\Database\BaseBuilder->get()
#5 C:\xampp\htdocs\repositorio\system\Validation\StrictRules\Rules.php(187): CodeIgniter\Validation\Rules->is_unique('tobiasorban00@g...', 'users.mail', Array)
#6 C:\xampp\htdocs\repositorio\system\Validation\Validation.php(337): CodeIgniter\Validation\StrictRules\Rules->is_unique('tobiasorban00@g...', 'users.mail', Array, NULL, 'mail')
#7 C:\xampp\htdocs\repositorio\system\Validation\Validation.php(202): CodeIgniter\Validation\Validation->processRules('mail', 'mail', 'tobiasorban00@g...', Array, Array, 'mail')
#8 C:\xampp\htdocs\repositorio\system\BaseModel.php(1576): CodeIgniter\Validation\Validation->run(Array, NULL, NULL)
#9 C:\xampp\htdocs\repositorio\system\BaseModel.php(808): CodeIgniter\BaseModel->validate(Array)
#10 C:\xampp\htdocs\repositorio\system\Model.php(800): CodeIgniter\BaseModel->insert(Array, false)
#11 C:\xampp\htdocs\repositorio\system\BaseModel.php(750): CodeIgniter\Model->insert(Array, false)
#12 C:\xampp\htdocs\repositorio\app\Controllers\AdminController.php(313): CodeIgniter\BaseModel->save(Array)
#13 C:\xampp\htdocs\repositorio\system\CodeIgniter.php(933): App\Controllers\AdminController->guardarUsuario()
#14 C:\xampp\htdocs\repositorio\system\CodeIgniter.php(507): CodeIgniter\CodeIgniter->runController(Object(App\Controllers\AdminController))
#15 C:\xampp\htdocs\repositorio\system\CodeIgniter.php(354): CodeIgniter\CodeIgniter->handleRequest(NULL, Object(Config\Cache), false)
#16 C:\xampp\htdocs\repositorio\system\Boot.php(334): CodeIgniter\CodeIgniter->run()
#17 C:\xampp\htdocs\repositorio\system\Boot.php(67): CodeIgniter\Boot::runCodeIgniter(Object(CodeIgniter\CodeIgniter))
#18 C:\xampp\htdocs\repositorio\public\index.php(56): CodeIgniter\Boot::bootWeb(Object(Config\Paths))
#19 {main}
CRITICAL - 2025-05-28 13:14:11 --> CodeIgniter\Database\Exceptions\DatabaseException: Table 'taberna_del_gnomo.users' doesn't exist
[Method: POST, Route: admin/usuarios/guardar]
in SYSTEMPATH\Database\BaseConnection.php on line 692.
 1 SYSTEMPATH\Database\BaseBuilder.php(1649): CodeIgniter\Database\BaseConnection->query('SELECT 1
FROM `users`
WHERE `mail` = :mail:
 LIMIT 1', [...], false)
 2 SYSTEMPATH\Validation\Rules.php(175): CodeIgniter\Database\BaseBuilder->get()
 3 SYSTEMPATH\Validation\StrictRules\Rules.php(187): CodeIgniter\Validation\Rules->is_unique('tobiasorban00@gmail.com', 'users.mail', [...])
 4 SYSTEMPATH\Validation\Validation.php(337): CodeIgniter\Validation\StrictRules\Rules->is_unique('tobiasorban00@gmail.com', 'users.mail', [...], null, 'mail')
 5 SYSTEMPATH\Validation\Validation.php(202): CodeIgniter\Validation\Validation->processRules('mail', 'mail', 'tobiasorban00@gmail.com', [...], [...], 'mail')
 6 SYSTEMPATH\BaseModel.php(1576): CodeIgniter\Validation\Validation->run([...], null, null)
 7 SYSTEMPATH\BaseModel.php(808): CodeIgniter\BaseModel->validate([...])
 8 SYSTEMPATH\Model.php(800): CodeIgniter\BaseModel->insert([...], false)
 9 SYSTEMPATH\BaseModel.php(750): CodeIgniter\Model->insert([...], false)
10 APPPATH\Controllers\AdminController.php(313): CodeIgniter\BaseModel->save([...])
11 SYSTEMPATH\CodeIgniter.php(933): App\Controllers\AdminController->guardarUsuario()
12 SYSTEMPATH\CodeIgniter.php(507): CodeIgniter\CodeIgniter->runController(Object(App\Controllers\AdminController))
13 SYSTEMPATH\CodeIgniter.php(354): CodeIgniter\CodeIgniter->handleRequest(null, Object(Config\Cache), false)
14 SYSTEMPATH\Boot.php(334): CodeIgniter\CodeIgniter->run()
15 SYSTEMPATH\Boot.php(67): CodeIgniter\Boot::runCodeIgniter(Object(CodeIgniter\CodeIgniter))
16 FCPATH\index.php(56): CodeIgniter\Boot::bootWeb(Object(Config\Paths))
CRITICAL - 2025-05-28 13:14:11 --> [Caused by] CodeIgniter\Database\Exceptions\DatabaseException: Table 'taberna_del_gnomo.users' doesn't exist
in SYSTEMPATH\Database\MySQLi\Connection.php on line 332.
 1 SYSTEMPATH\Database\BaseConnection.php(738): CodeIgniter\Database\MySQLi\Connection->execute('SELECT 1
FROM `users`
WHERE `mail` = \'tobiasorban00@gmail.com\'
 LIMIT 1')
 2 SYSTEMPATH\Database\BaseConnection.php(652): CodeIgniter\Database\BaseConnection->simpleQuery('SELECT 1
FROM `users`
WHERE `mail` = \'tobiasorban00@gmail.com\'
 LIMIT 1')
 3 SYSTEMPATH\Database\BaseBuilder.php(1649): CodeIgniter\Database\BaseConnection->query('SELECT 1
FROM `users`
WHERE `mail` = :mail:
 LIMIT 1', [...], false)
 4 SYSTEMPATH\Validation\Rules.php(175): CodeIgniter\Database\BaseBuilder->get()
 5 SYSTEMPATH\Validation\StrictRules\Rules.php(187): CodeIgniter\Validation\Rules->is_unique('tobiasorban00@gmail.com', 'users.mail', [...])
 6 SYSTEMPATH\Validation\Validation.php(337): CodeIgniter\Validation\StrictRules\Rules->is_unique('tobiasorban00@gmail.com', 'users.mail', [...], null, 'mail')
 7 SYSTEMPATH\Validation\Validation.php(202): CodeIgniter\Validation\Validation->processRules('mail', 'mail', 'tobiasorban00@gmail.com', [...], [...], 'mail')
 8 SYSTEMPATH\BaseModel.php(1576): CodeIgniter\Validation\Validation->run([...], null, null)
 9 SYSTEMPATH\BaseModel.php(808): CodeIgniter\BaseModel->validate([...])
10 SYSTEMPATH\Model.php(800): CodeIgniter\BaseModel->insert([...], false)
11 SYSTEMPATH\BaseModel.php(750): CodeIgniter\Model->insert([...], false)
12 APPPATH\Controllers\AdminController.php(313): CodeIgniter\BaseModel->save([...])
13 SYSTEMPATH\CodeIgniter.php(933): App\Controllers\AdminController->guardarUsuario()
14 SYSTEMPATH\CodeIgniter.php(507): CodeIgniter\CodeIgniter->runController(Object(App\Controllers\AdminController))
15 SYSTEMPATH\CodeIgniter.php(354): CodeIgniter\CodeIgniter->handleRequest(null, Object(Config\Cache), false)
16 SYSTEMPATH\Boot.php(334): CodeIgniter\CodeIgniter->run()
17 SYSTEMPATH\Boot.php(67): CodeIgniter\Boot::runCodeIgniter(Object(CodeIgniter\CodeIgniter))
18 FCPATH\index.php(56): CodeIgniter\Boot::bootWeb(Object(Config\Paths))
CRITICAL - 2025-05-28 13:14:11 --> [Caused by] mysqli_sql_exception: Table 'taberna_del_gnomo.users' doesn't exist
in SYSTEMPATH\Database\MySQLi\Connection.php on line 327.
 1 SYSTEMPATH\Database\MySQLi\Connection.php(327): mysqli->query('SELECT 1
FROM `users`
WHERE `mail` = \'tobiasorban00@gmail.com\'
 LIMIT 1', 0)
 2 SYSTEMPATH\Database\BaseConnection.php(738): CodeIgniter\Database\MySQLi\Connection->execute('SELECT 1
FROM `users`
WHERE `mail` = \'tobiasorban00@gmail.com\'
 LIMIT 1')
 3 SYSTEMPATH\Database\BaseConnection.php(652): CodeIgniter\Database\BaseConnection->simpleQuery('SELECT 1
FROM `users`
WHERE `mail` = \'tobiasorban00@gmail.com\'
 LIMIT 1')
 4 SYSTEMPATH\Database\BaseBuilder.php(1649): CodeIgniter\Database\BaseConnection->query('SELECT 1
FROM `users`
WHERE `mail` = :mail:
 LIMIT 1', [...], false)
 5 SYSTEMPATH\Validation\Rules.php(175): CodeIgniter\Database\BaseBuilder->get()
 6 SYSTEMPATH\Validation\StrictRules\Rules.php(187): CodeIgniter\Validation\Rules->is_unique('tobiasorban00@gmail.com', 'users.mail', [...])
 7 SYSTEMPATH\Validation\Validation.php(337): CodeIgniter\Validation\StrictRules\Rules->is_unique('tobiasorban00@gmail.com', 'users.mail', [...], null, 'mail')
 8 SYSTEMPATH\Validation\Validation.php(202): CodeIgniter\Validation\Validation->processRules('mail', 'mail', 'tobiasorban00@gmail.com', [...], [...], 'mail')
 9 SYSTEMPATH\BaseModel.php(1576): CodeIgniter\Validation\Validation->run([...], null, null)
10 SYSTEMPATH\BaseModel.php(808): CodeIgniter\BaseModel->validate([...])
11 SYSTEMPATH\Model.php(800): CodeIgniter\BaseModel->insert([...], false)
12 SYSTEMPATH\BaseModel.php(750): CodeIgniter\Model->insert([...], false)
13 APPPATH\Controllers\AdminController.php(313): CodeIgniter\BaseModel->save([...])
14 SYSTEMPATH\CodeIgniter.php(933): App\Controllers\AdminController->guardarUsuario()
15 SYSTEMPATH\CodeIgniter.php(507): CodeIgniter\CodeIgniter->runController(Object(App\Controllers\AdminController))
16 SYSTEMPATH\CodeIgniter.php(354): CodeIgniter\CodeIgniter->handleRequest(null, Object(Config\Cache), false)
17 SYSTEMPATH\Boot.php(334): CodeIgniter\CodeIgniter->run()
18 SYSTEMPATH\Boot.php(67): CodeIgniter\Boot::runCodeIgniter(Object(CodeIgniter\CodeIgniter))
19 FCPATH\index.php(56): CodeIgniter\Boot::bootWeb(Object(Config\Paths))
ERROR - 2025-05-28 13:18:30 --> mysqli_sql_exception: Table 'taberna_del_gnomo.users' doesn't exist in C:\xampp\htdocs\repositorio\system\Database\MySQLi\Connection.php:327
Stack trace:
#0 C:\xampp\htdocs\repositorio\system\Database\MySQLi\Connection.php(327): mysqli->query('SELECT 1\nFROM `...', 0)
#1 C:\xampp\htdocs\repositorio\system\Database\BaseConnection.php(738): CodeIgniter\Database\MySQLi\Connection->execute('SELECT 1\nFROM `...')
#2 C:\xampp\htdocs\repositorio\system\Database\BaseConnection.php(652): CodeIgniter\Database\BaseConnection->simpleQuery('SELECT 1\nFROM `...')
#3 C:\xampp\htdocs\repositorio\system\Database\BaseBuilder.php(1649): CodeIgniter\Database\BaseConnection->query('SELECT 1\nFROM `...', Array, false)
#4 C:\xampp\htdocs\repositorio\system\Validation\Rules.php(175): CodeIgniter\Database\BaseBuilder->get()
#5 C:\xampp\htdocs\repositorio\system\Validation\StrictRules\Rules.php(187): CodeIgniter\Validation\Rules->is_unique('tobiasorban00@g...', 'users.mail', Array)
#6 C:\xampp\htdocs\repositorio\system\Validation\Validation.php(337): CodeIgniter\Validation\StrictRules\Rules->is_unique('tobiasorban00@g...', 'users.mail', Array, NULL, 'mail')
#7 C:\xampp\htdocs\repositorio\system\Validation\Validation.php(202): CodeIgniter\Validation\Validation->processRules('mail', 'mail', 'tobiasorban00@g...', Array, Array, 'mail')
#8 C:\xampp\htdocs\repositorio\system\BaseModel.php(1576): CodeIgniter\Validation\Validation->run(Array, NULL, NULL)
#9 C:\xampp\htdocs\repositorio\system\BaseModel.php(808): CodeIgniter\BaseModel->validate(Array)
#10 C:\xampp\htdocs\repositorio\system\Model.php(800): CodeIgniter\BaseModel->insert(Array, false)
#11 C:\xampp\htdocs\repositorio\system\BaseModel.php(750): CodeIgniter\Model->insert(Array, false)
#12 C:\xampp\htdocs\repositorio\app\Controllers\AdminController.php(313): CodeIgniter\BaseModel->save(Array)
#13 C:\xampp\htdocs\repositorio\system\CodeIgniter.php(933): App\Controllers\AdminController->guardarUsuario()
#14 C:\xampp\htdocs\repositorio\system\CodeIgniter.php(507): CodeIgniter\CodeIgniter->runController(Object(App\Controllers\AdminController))
#15 C:\xampp\htdocs\repositorio\system\CodeIgniter.php(354): CodeIgniter\CodeIgniter->handleRequest(NULL, Object(Config\Cache), false)
#16 C:\xampp\htdocs\repositorio\system\Boot.php(334): CodeIgniter\CodeIgniter->run()
#17 C:\xampp\htdocs\repositorio\system\Boot.php(67): CodeIgniter\Boot::runCodeIgniter(Object(CodeIgniter\CodeIgniter))
#18 C:\xampp\htdocs\repositorio\public\index.php(56): CodeIgniter\Boot::bootWeb(Object(Config\Paths))
#19 {main}
CRITICAL - 2025-05-28 13:18:30 --> CodeIgniter\Database\Exceptions\DatabaseException: Table 'taberna_del_gnomo.users' doesn't exist
[Method: POST, Route: admin/usuarios/guardar]
in SYSTEMPATH\Database\BaseConnection.php on line 692.
 1 SYSTEMPATH\Database\BaseBuilder.php(1649): CodeIgniter\Database\BaseConnection->query('SELECT 1
FROM `users`
WHERE `mail` = :mail:
 LIMIT 1', [...], false)
 2 SYSTEMPATH\Validation\Rules.php(175): CodeIgniter\Database\BaseBuilder->get()
 3 SYSTEMPATH\Validation\StrictRules\Rules.php(187): CodeIgniter\Validation\Rules->is_unique('tobiasorban00@gmail.com', 'users.mail', [...])
 4 SYSTEMPATH\Validation\Validation.php(337): CodeIgniter\Validation\StrictRules\Rules->is_unique('tobiasorban00@gmail.com', 'users.mail', [...], null, 'mail')
 5 SYSTEMPATH\Validation\Validation.php(202): CodeIgniter\Validation\Validation->processRules('mail', 'mail', 'tobiasorban00@gmail.com', [...], [...], 'mail')
 6 SYSTEMPATH\BaseModel.php(1576): CodeIgniter\Validation\Validation->run([...], null, null)
 7 SYSTEMPATH\BaseModel.php(808): CodeIgniter\BaseModel->validate([...])
 8 SYSTEMPATH\Model.php(800): CodeIgniter\BaseModel->insert([...], false)
 9 SYSTEMPATH\BaseModel.php(750): CodeIgniter\Model->insert([...], false)
10 APPPATH\Controllers\AdminController.php(313): CodeIgniter\BaseModel->save([...])
11 SYSTEMPATH\CodeIgniter.php(933): App\Controllers\AdminController->guardarUsuario()
12 SYSTEMPATH\CodeIgniter.php(507): CodeIgniter\CodeIgniter->runController(Object(App\Controllers\AdminController))
13 SYSTEMPATH\CodeIgniter.php(354): CodeIgniter\CodeIgniter->handleRequest(null, Object(Config\Cache), false)
14 SYSTEMPATH\Boot.php(334): CodeIgniter\CodeIgniter->run()
15 SYSTEMPATH\Boot.php(67): CodeIgniter\Boot::runCodeIgniter(Object(CodeIgniter\CodeIgniter))
16 FCPATH\index.php(56): CodeIgniter\Boot::bootWeb(Object(Config\Paths))
CRITICAL - 2025-05-28 13:18:30 --> [Caused by] CodeIgniter\Database\Exceptions\DatabaseException: Table 'taberna_del_gnomo.users' doesn't exist
in SYSTEMPATH\Database\MySQLi\Connection.php on line 332.
 1 SYSTEMPATH\Database\BaseConnection.php(738): CodeIgniter\Database\MySQLi\Connection->execute('SELECT 1
FROM `users`
WHERE `mail` = \'tobiasorban00@gmail.com\'
 LIMIT 1')
 2 SYSTEMPATH\Database\BaseConnection.php(652): CodeIgniter\Database\BaseConnection->simpleQuery('SELECT 1
FROM `users`
WHERE `mail` = \'tobiasorban00@gmail.com\'
 LIMIT 1')
 3 SYSTEMPATH\Database\BaseBuilder.php(1649): CodeIgniter\Database\BaseConnection->query('SELECT 1
FROM `users`
WHERE `mail` = :mail:
 LIMIT 1', [...], false)
 4 SYSTEMPATH\Validation\Rules.php(175): CodeIgniter\Database\BaseBuilder->get()
 5 SYSTEMPATH\Validation\StrictRules\Rules.php(187): CodeIgniter\Validation\Rules->is_unique('tobiasorban00@gmail.com', 'users.mail', [...])
 6 SYSTEMPATH\Validation\Validation.php(337): CodeIgniter\Validation\StrictRules\Rules->is_unique('tobiasorban00@gmail.com', 'users.mail', [...], null, 'mail')
 7 SYSTEMPATH\Validation\Validation.php(202): CodeIgniter\Validation\Validation->processRules('mail', 'mail', 'tobiasorban00@gmail.com', [...], [...], 'mail')
 8 SYSTEMPATH\BaseModel.php(1576): CodeIgniter\Validation\Validation->run([...], null, null)
 9 SYSTEMPATH\BaseModel.php(808): CodeIgniter\BaseModel->validate([...])
10 SYSTEMPATH\Model.php(800): CodeIgniter\BaseModel->insert([...], false)
11 SYSTEMPATH\BaseModel.php(750): CodeIgniter\Model->insert([...], false)
12 APPPATH\Controllers\AdminController.php(313): CodeIgniter\BaseModel->save([...])
13 SYSTEMPATH\CodeIgniter.php(933): App\Controllers\AdminController->guardarUsuario()
14 SYSTEMPATH\CodeIgniter.php(507): CodeIgniter\CodeIgniter->runController(Object(App\Controllers\AdminController))
15 SYSTEMPATH\CodeIgniter.php(354): CodeIgniter\CodeIgniter->handleRequest(null, Object(Config\Cache), false)
16 SYSTEMPATH\Boot.php(334): CodeIgniter\CodeIgniter->run()
17 SYSTEMPATH\Boot.php(67): CodeIgniter\Boot::runCodeIgniter(Object(CodeIgniter\CodeIgniter))
18 FCPATH\index.php(56): CodeIgniter\Boot::bootWeb(Object(Config\Paths))
CRITICAL - 2025-05-28 13:18:30 --> [Caused by] mysqli_sql_exception: Table 'taberna_del_gnomo.users' doesn't exist
in SYSTEMPATH\Database\MySQLi\Connection.php on line 327.
 1 SYSTEMPATH\Database\MySQLi\Connection.php(327): mysqli->query('SELECT 1
FROM `users`
WHERE `mail` = \'tobiasorban00@gmail.com\'
 LIMIT 1', 0)
 2 SYSTEMPATH\Database\BaseConnection.php(738): CodeIgniter\Database\MySQLi\Connection->execute('SELECT 1
FROM `users`
WHERE `mail` = \'tobiasorban00@gmail.com\'
 LIMIT 1')
 3 SYSTEMPATH\Database\BaseConnection.php(652): CodeIgniter\Database\BaseConnection->simpleQuery('SELECT 1
FROM `users`
WHERE `mail` = \'tobiasorban00@gmail.com\'
 LIMIT 1')
 4 SYSTEMPATH\Database\BaseBuilder.php(1649): CodeIgniter\Database\BaseConnection->query('SELECT 1
FROM `users`
WHERE `mail` = :mail:
 LIMIT 1', [...], false)
 5 SYSTEMPATH\Validation\Rules.php(175): CodeIgniter\Database\BaseBuilder->get()
 6 SYSTEMPATH\Validation\StrictRules\Rules.php(187): CodeIgniter\Validation\Rules->is_unique('tobiasorban00@gmail.com', 'users.mail', [...])
 7 SYSTEMPATH\Validation\Validation.php(337): CodeIgniter\Validation\StrictRules\Rules->is_unique('tobiasorban00@gmail.com', 'users.mail', [...], null, 'mail')
 8 SYSTEMPATH\Validation\Validation.php(202): CodeIgniter\Validation\Validation->processRules('mail', 'mail', 'tobiasorban00@gmail.com', [...], [...], 'mail')
 9 SYSTEMPATH\BaseModel.php(1576): CodeIgniter\Validation\Validation->run([...], null, null)
10 SYSTEMPATH\BaseModel.php(808): CodeIgniter\BaseModel->validate([...])
11 SYSTEMPATH\Model.php(800): CodeIgniter\BaseModel->insert([...], false)
12 SYSTEMPATH\BaseModel.php(750): CodeIgniter\Model->insert([...], false)
13 APPPATH\Controllers\AdminController.php(313): CodeIgniter\BaseModel->save([...])
14 SYSTEMPATH\CodeIgniter.php(933): App\Controllers\AdminController->guardarUsuario()
15 SYSTEMPATH\CodeIgniter.php(507): CodeIgniter\CodeIgniter->runController(Object(App\Controllers\AdminController))
16 SYSTEMPATH\CodeIgniter.php(354): CodeIgniter\CodeIgniter->handleRequest(null, Object(Config\Cache), false)
17 SYSTEMPATH\Boot.php(334): CodeIgniter\CodeIgniter->run()
18 SYSTEMPATH\Boot.php(67): CodeIgniter\Boot::runCodeIgniter(Object(CodeIgniter\CodeIgniter))
19 FCPATH\index.php(56): CodeIgniter\Boot::bootWeb(Object(Config\Paths))
DEBUG - 2025-05-28 13:21:11 --> Session: Class initialized using 'CodeIgniter\Session\Handlers\FileHandler' driver.
DEBUG - 2025-05-28 13:30:02 --> Session: Class initialized using 'CodeIgniter\Session\Handlers\FileHandler' driver.
CRITICAL - 2025-05-28 13:59:16 --> ErrorException: Trait "App\Controllers\App\Models\ProductModel" not found
[Method: GET, Route: home/catalogo]
in APPPATH\Controllers\Home.php on line 5.
 1 [internal function]: CodeIgniter\Debug\Exceptions->shutdownHandler()
CRITICAL - 2025-05-28 14:04:38 --> ErrorException: Undefined array key "imagen"
[Method: GET, Route: catalogo/2]
in APPPATH\Views\detalle_producto.php on line 8.
 1 APPPATH\Views\detalle_producto.php(8): CodeIgniter\Debug\Exceptions->errorHandler(2, 'Undefined array key "imagen"', 'C:\\xampp\\htdocs\\repositorio\\app\\Views\\detalle_producto.php', 8)
 2 SYSTEMPATH\View\View.php(224): include('C:\\xampp\\htdocs\\repositorio\\app\\Views\\detalle_producto.php')
 3 SYSTEMPATH\View\View.php(227): CodeIgniter\View\View->CodeIgniter\View\{closure}()
 4 SYSTEMPATH\Common.php(1173): CodeIgniter\View\View->render('detalle_producto', [], true)
 5 APPPATH\Controllers\Home.php(63): view('detalle_producto', [...])
 6 SYSTEMPATH\CodeIgniter.php(933): App\Controllers\Home->catalogoDetalle('2')
 7 SYSTEMPATH\CodeIgniter.php(507): CodeIgniter\CodeIgniter->runController(Object(App\Controllers\Home))
 8 SYSTEMPATH\CodeIgniter.php(354): CodeIgniter\CodeIgniter->handleRequest(null, Object(Config\Cache), false)
 9 SYSTEMPATH\Boot.php(334): CodeIgniter\CodeIgniter->run()
10 SYSTEMPATH\Boot.php(67): CodeIgniter\Boot::runCodeIgniter(Object(CodeIgniter\CodeIgniter))
11 FCPATH\index.php(56): CodeIgniter\Boot::bootWeb(Object(Config\Paths))
CRITICAL - 2025-05-28 14:10:59 --> ErrorException: Undefined variable $imageName
[Method: POST, Route: admin/inventario/actualizar/2]
in APPPATH\Controllers\AdminController.php on line 216.
 1 APPPATH\Controllers\AdminController.php(216): CodeIgniter\Debug\Exceptions->errorHandler(2, 'Undefined variable $imageName', 'C:\\xampp\\htdocs\\repositorio\\app\\Controllers\\AdminController.php', 216)
 2 SYSTEMPATH\CodeIgniter.php(933): App\Controllers\AdminController->actualizarProducto('2')
 3 SYSTEMPATH\CodeIgniter.php(507): CodeIgniter\CodeIgniter->runController(Object(App\Controllers\AdminController))
 4 SYSTEMPATH\CodeIgniter.php(354): CodeIgniter\CodeIgniter->handleRequest(null, Object(Config\Cache), false)
 5 SYSTEMPATH\Boot.php(334): CodeIgniter\CodeIgniter->run()
 6 SYSTEMPATH\Boot.php(67): CodeIgniter\Boot::runCodeIgniter(Object(CodeIgniter\CodeIgniter))
 7 FCPATH\index.php(56): CodeIgniter\Boot::bootWeb(Object(Config\Paths))
DEBUG - 2025-05-28 14:12:01 --> Session: Class initialized using 'CodeIgniter\Session\Handlers\FileHandler' driver.
DEBUG - 2025-05-28 14:13:29 --> Session: Class initialized using 'CodeIgniter\Session\Handlers\FileHandler' driver.
DEBUG - 2025-05-28 14:15:28 --> Session: Class initialized using 'CodeIgniter\Session\Handlers\FileHandler' driver.
DEBUG - 2025-05-28 14:16:24 --> Session: Class initialized using 'CodeIgniter\Session\Handlers\FileHandler' driver.
DEBUG - 2025-05-28 14:16:27 --> Session: Class initialized using 'CodeIgniter\Session\Handlers\FileHandler' driver.
DEBUG - 2025-05-28 14:20:52 --> Session: Class initialized using 'CodeIgniter\Session\Handlers\FileHandler' driver.
DEBUG - 2025-05-28 14:21:00 --> Session: Class initialized using 'CodeIgniter\Session\Handlers\FileHandler' driver.
CRITICAL - 2025-05-28 14:36:11 --> ParseError: syntax error, unexpected token ";", expecting "]"
[Method: GET, Route: admin/inventario/editar/2]
in APPPATH\Controllers\AdminController.php on line 215.
 1 SYSTEMPATH\Autoloader\Autoloader.php(295): CodeIgniter\Autoloader\Autoloader->includeFile('C:\\xampp\\htdocs\\repositorio\\app\\Controllers\\AdminController.php')
 2 SYSTEMPATH\Autoloader\Autoloader.php(271): CodeIgniter\Autoloader\Autoloader->loadInNamespace('App\\Controllers\\AdminController')
 3 [internal function]: CodeIgniter\Autoloader\Autoloader->loadClass('App\\Controllers\\AdminController')
 4 SYSTEMPATH\CodeIgniter.php(885): class_exists('\\App\\Controllers\\AdminController', true)
 5 SYSTEMPATH\CodeIgniter.php(494): CodeIgniter\CodeIgniter->startController()
 6 SYSTEMPATH\CodeIgniter.php(354): CodeIgniter\CodeIgniter->handleRequest(null, Object(Config\Cache), false)
 7 SYSTEMPATH\Boot.php(334): CodeIgniter\CodeIgniter->run()
 8 SYSTEMPATH\Boot.php(67): CodeIgniter\Boot::runCodeIgniter(Object(CodeIgniter\CodeIgniter))
 9 FCPATH\index.php(56): CodeIgniter\Boot::bootWeb(Object(Config\Paths))
DEBUG - 2025-05-28 14:39:56 --> Session: Class initialized using 'CodeIgniter\Session\Handlers\FileHandler' driver.
DEBUG - 2025-05-28 14:44:52 --> Session: Class initialized using 'CodeIgniter\Session\Handlers\FileHandler' driver.
CRITICAL - 2025-05-28 14:51:42 --> Error: Class "App\Models\NotificacionModel" not found
[Method: GET, Route: admin/notificaciones]
in APPPATH\Controllers\AdminController.php on line 430.
 1 SYSTEMPATH\CodeIgniter.php(933): App\Controllers\AdminController->notificaciones()
 2 SYSTEMPATH\CodeIgniter.php(507): CodeIgniter\CodeIgniter->runController(Object(App\Controllers\AdminController))
 3 SYSTEMPATH\CodeIgniter.php(354): CodeIgniter\CodeIgniter->handleRequest(null, Object(Config\Cache), false)
 4 SYSTEMPATH\Boot.php(334): CodeIgniter\CodeIgniter->run()
 5 SYSTEMPATH\Boot.php(67): CodeIgniter\Boot::runCodeIgniter(Object(CodeIgniter\CodeIgniter))
 6 FCPATH\index.php(56): CodeIgniter\Boot::bootWeb(Object(Config\Paths))
ERROR - 2025-05-28 14:53:25 --> mysqli_sql_exception: Table 'taberna_del_gnomo.notification' doesn't exist in C:\xampp\htdocs\repositorio\system\Database\MySQLi\Connection.php:327
Stack trace:
#0 C:\xampp\htdocs\repositorio\system\Database\MySQLi\Connection.php(327): mysqli->query('SELECT *\nFROM `...', 0)
#1 C:\xampp\htdocs\repositorio\system\Database\BaseConnection.php(738): CodeIgniter\Database\MySQLi\Connection->execute('SELECT *\nFROM `...')
#2 C:\xampp\htdocs\repositorio\system\Database\BaseConnection.php(652): CodeIgniter\Database\BaseConnection->simpleQuery('SELECT *\nFROM `...')
#3 C:\xampp\htdocs\repositorio\system\Database\BaseBuilder.php(1649): CodeIgniter\Database\BaseConnection->query('SELECT *\nFROM `...', Array, false)
#4 C:\xampp\htdocs\repositorio\system\Model.php(286): CodeIgniter\Database\BaseBuilder->get()
#5 C:\xampp\htdocs\repositorio\system\BaseModel.php(675): CodeIgniter\Model->doFindAll(0, 0)
#6 C:\xampp\htdocs\repositorio\app\Controllers\AdminController.php(433): CodeIgniter\BaseModel->findAll()
#7 C:\xampp\htdocs\repositorio\system\CodeIgniter.php(933): App\Controllers\AdminController->notificaciones()
#8 C:\xampp\htdocs\repositorio\system\CodeIgniter.php(507): CodeIgniter\CodeIgniter->runController(Object(App\Controllers\AdminController))
#9 C:\xampp\htdocs\repositorio\system\CodeIgniter.php(354): CodeIgniter\CodeIgniter->handleRequest(NULL, Object(Config\Cache), false)
#10 C:\xampp\htdocs\repositorio\system\Boot.php(334): CodeIgniter\CodeIgniter->run()
#11 C:\xampp\htdocs\repositorio\system\Boot.php(67): CodeIgniter\Boot::runCodeIgniter(Object(CodeIgniter\CodeIgniter))
#12 C:\xampp\htdocs\repositorio\public\index.php(56): CodeIgniter\Boot::bootWeb(Object(Config\Paths))
#13 {main}
CRITICAL - 2025-05-28 14:53:25 --> CodeIgniter\Database\Exceptions\DatabaseException: Table 'taberna_del_gnomo.notification' doesn't exist
[Method: GET, Route: admin/notificaciones]
in SYSTEMPATH\Database\BaseConnection.php on line 692.
 1 SYSTEMPATH\Database\BaseBuilder.php(1649): CodeIgniter\Database\BaseConnection->query('SELECT *
FROM `notification`
ORDER BY `fecha` DESC', [], false)
 2 SYSTEMPATH\Model.php(286): CodeIgniter\Database\BaseBuilder->get()
 3 SYSTEMPATH\BaseModel.php(675): CodeIgniter\Model->doFindAll(0, 0)
 4 APPPATH\Controllers\AdminController.php(433): CodeIgniter\BaseModel->findAll()
 5 SYSTEMPATH\CodeIgniter.php(933): App\Controllers\AdminController->notificaciones()
 6 SYSTEMPATH\CodeIgniter.php(507): CodeIgniter\CodeIgniter->runController(Object(App\Controllers\AdminController))
 7 SYSTEMPATH\CodeIgniter.php(354): CodeIgniter\CodeIgniter->handleRequest(null, Object(Config\Cache), false)
 8 SYSTEMPATH\Boot.php(334): CodeIgniter\CodeIgniter->run()
 9 SYSTEMPATH\Boot.php(67): CodeIgniter\Boot::runCodeIgniter(Object(CodeIgniter\CodeIgniter))
10 FCPATH\index.php(56): CodeIgniter\Boot::bootWeb(Object(Config\Paths))
CRITICAL - 2025-05-28 14:53:25 --> [Caused by] CodeIgniter\Database\Exceptions\DatabaseException: Table 'taberna_del_gnomo.notification' doesn't exist
in SYSTEMPATH\Database\MySQLi\Connection.php on line 332.
 1 SYSTEMPATH\Database\BaseConnection.php(738): CodeIgniter\Database\MySQLi\Connection->execute('SELECT *
FROM `notification`
ORDER BY `fecha` DESC')
 2 SYSTEMPATH\Database\BaseConnection.php(652): CodeIgniter\Database\BaseConnection->simpleQuery('SELECT *
FROM `notification`
ORDER BY `fecha` DESC')
 3 SYSTEMPATH\Database\BaseBuilder.php(1649): CodeIgniter\Database\BaseConnection->query('SELECT *
FROM `notification`
ORDER BY `fecha` DESC', [], false)
 4 SYSTEMPATH\Model.php(286): CodeIgniter\Database\BaseBuilder->get()
 5 SYSTEMPATH\BaseModel.php(675): CodeIgniter\Model->doFindAll(0, 0)
 6 APPPATH\Controllers\AdminController.php(433): CodeIgniter\BaseModel->findAll()
 7 SYSTEMPATH\CodeIgniter.php(933): App\Controllers\AdminController->notificaciones()
 8 SYSTEMPATH\CodeIgniter.php(507): CodeIgniter\CodeIgniter->runController(Object(App\Controllers\AdminController))
 9 SYSTEMPATH\CodeIgniter.php(354): CodeIgniter\CodeIgniter->handleRequest(null, Object(Config\Cache), false)
10 SYSTEMPATH\Boot.php(334): CodeIgniter\CodeIgniter->run()
11 SYSTEMPATH\Boot.php(67): CodeIgniter\Boot::runCodeIgniter(Object(CodeIgniter\CodeIgniter))
12 FCPATH\index.php(56): CodeIgniter\Boot::bootWeb(Object(Config\Paths))
CRITICAL - 2025-05-28 14:53:25 --> [Caused by] mysqli_sql_exception: Table 'taberna_del_gnomo.notification' doesn't exist
in SYSTEMPATH\Database\MySQLi\Connection.php on line 327.
 1 SYSTEMPATH\Database\MySQLi\Connection.php(327): mysqli->query('SELECT *
FROM `notification`
ORDER BY `fecha` DESC', 0)
 2 SYSTEMPATH\Database\BaseConnection.php(738): CodeIgniter\Database\MySQLi\Connection->execute('SELECT *
FROM `notification`
ORDER BY `fecha` DESC')
 3 SYSTEMPATH\Database\BaseConnection.php(652): CodeIgniter\Database\BaseConnection->simpleQuery('SELECT *
FROM `notification`
ORDER BY `fecha` DESC')
 4 SYSTEMPATH\Database\BaseBuilder.php(1649): CodeIgniter\Database\BaseConnection->query('SELECT *
FROM `notification`
ORDER BY `fecha` DESC', [], false)
 5 SYSTEMPATH\Model.php(286): CodeIgniter\Database\BaseBuilder->get()
 6 SYSTEMPATH\BaseModel.php(675): CodeIgniter\Model->doFindAll(0, 0)
 7 APPPATH\Controllers\AdminController.php(433): CodeIgniter\BaseModel->findAll()
 8 SYSTEMPATH\CodeIgniter.php(933): App\Controllers\AdminController->notificaciones()
 9 SYSTEMPATH\CodeIgniter.php(507): CodeIgniter\CodeIgniter->runController(Object(App\Controllers\AdminController))
10 SYSTEMPATH\CodeIgniter.php(354): CodeIgniter\CodeIgniter->handleRequest(null, Object(Config\Cache), false)
11 SYSTEMPATH\Boot.php(334): CodeIgniter\CodeIgniter->run()
12 SYSTEMPATH\Boot.php(67): CodeIgniter\Boot::runCodeIgniter(Object(CodeIgniter\CodeIgniter))
13 FCPATH\index.php(56): CodeIgniter\Boot::bootWeb(Object(Config\Paths))
ERROR - 2025-05-28 14:59:32 --> mysqli_sql_exception: Table 'taberna_del_gnomo.notification' doesn't exist in C:\xampp\htdocs\repositorio\system\Database\MySQLi\Connection.php:327
Stack trace:
#0 C:\xampp\htdocs\repositorio\system\Database\MySQLi\Connection.php(327): mysqli->query('SELECT *\nFROM `...', 0)
#1 C:\xampp\htdocs\repositorio\system\Database\BaseConnection.php(738): CodeIgniter\Database\MySQLi\Connection->execute('SELECT *\nFROM `...')
#2 C:\xampp\htdocs\repositorio\system\Database\BaseConnection.php(652): CodeIgniter\Database\BaseConnection->simpleQuery('SELECT *\nFROM `...')
#3 C:\xampp\htdocs\repositorio\system\Database\BaseBuilder.php(1649): CodeIgniter\Database\BaseConnection->query('SELECT *\nFROM `...', Array, false)
#4 C:\xampp\htdocs\repositorio\system\Model.php(286): CodeIgniter\Database\BaseBuilder->get()
#5 C:\xampp\htdocs\repositorio\system\BaseModel.php(675): CodeIgniter\Model->doFindAll(0, 0)
#6 C:\xampp\htdocs\repositorio\app\Controllers\AdminController.php(433): CodeIgniter\BaseModel->findAll()
#7 C:\xampp\htdocs\repositorio\system\CodeIgniter.php(933): App\Controllers\AdminController->notificaciones()
#8 C:\xampp\htdocs\repositorio\system\CodeIgniter.php(507): CodeIgniter\CodeIgniter->runController(Object(App\Controllers\AdminController))
#9 C:\xampp\htdocs\repositorio\system\CodeIgniter.php(354): CodeIgniter\CodeIgniter->handleRequest(NULL, Object(Config\Cache), false)
#10 C:\xampp\htdocs\repositorio\system\Boot.php(334): CodeIgniter\CodeIgniter->run()
#11 C:\xampp\htdocs\repositorio\system\Boot.php(67): CodeIgniter\Boot::runCodeIgniter(Object(CodeIgniter\CodeIgniter))
#12 C:\xampp\htdocs\repositorio\public\index.php(56): CodeIgniter\Boot::bootWeb(Object(Config\Paths))
#13 {main}
CRITICAL - 2025-05-28 14:59:32 --> CodeIgniter\Database\Exceptions\DatabaseException: Table 'taberna_del_gnomo.notification' doesn't exist
[Method: GET, Route: admin/notificaciones]
in SYSTEMPATH\Database\BaseConnection.php on line 692.
 1 SYSTEMPATH\Database\BaseBuilder.php(1649): CodeIgniter\Database\BaseConnection->query('SELECT *
FROM `notification`
ORDER BY `fecha` DESC', [], false)
 2 SYSTEMPATH\Model.php(286): CodeIgniter\Database\BaseBuilder->get()
 3 SYSTEMPATH\BaseModel.php(675): CodeIgniter\Model->doFindAll(0, 0)
 4 APPPATH\Controllers\AdminController.php(433): CodeIgniter\BaseModel->findAll()
 5 SYSTEMPATH\CodeIgniter.php(933): App\Controllers\AdminController->notificaciones()
 6 SYSTEMPATH\CodeIgniter.php(507): CodeIgniter\CodeIgniter->runController(Object(App\Controllers\AdminController))
 7 SYSTEMPATH\CodeIgniter.php(354): CodeIgniter\CodeIgniter->handleRequest(null, Object(Config\Cache), false)
 8 SYSTEMPATH\Boot.php(334): CodeIgniter\CodeIgniter->run()
 9 SYSTEMPATH\Boot.php(67): CodeIgniter\Boot::runCodeIgniter(Object(CodeIgniter\CodeIgniter))
10 FCPATH\index.php(56): CodeIgniter\Boot::bootWeb(Object(Config\Paths))
CRITICAL - 2025-05-28 14:59:32 --> [Caused by] CodeIgniter\Database\Exceptions\DatabaseException: Table 'taberna_del_gnomo.notification' doesn't exist
in SYSTEMPATH\Database\MySQLi\Connection.php on line 332.
 1 SYSTEMPATH\Database\BaseConnection.php(738): CodeIgniter\Database\MySQLi\Connection->execute('SELECT *
FROM `notification`
ORDER BY `fecha` DESC')
 2 SYSTEMPATH\Database\BaseConnection.php(652): CodeIgniter\Database\BaseConnection->simpleQuery('SELECT *
FROM `notification`
ORDER BY `fecha` DESC')
 3 SYSTEMPATH\Database\BaseBuilder.php(1649): CodeIgniter\Database\BaseConnection->query('SELECT *
FROM `notification`
ORDER BY `fecha` DESC', [], false)
 4 SYSTEMPATH\Model.php(286): CodeIgniter\Database\BaseBuilder->get()
 5 SYSTEMPATH\BaseModel.php(675): CodeIgniter\Model->doFindAll(0, 0)
 6 APPPATH\Controllers\AdminController.php(433): CodeIgniter\BaseModel->findAll()
 7 SYSTEMPATH\CodeIgniter.php(933): App\Controllers\AdminController->notificaciones()
 8 SYSTEMPATH\CodeIgniter.php(507): CodeIgniter\CodeIgniter->runController(Object(App\Controllers\AdminController))
 9 SYSTEMPATH\CodeIgniter.php(354): CodeIgniter\CodeIgniter->handleRequest(null, Object(Config\Cache), false)
10 SYSTEMPATH\Boot.php(334): CodeIgniter\CodeIgniter->run()
11 SYSTEMPATH\Boot.php(67): CodeIgniter\Boot::runCodeIgniter(Object(CodeIgniter\CodeIgniter))
12 FCPATH\index.php(56): CodeIgniter\Boot::bootWeb(Object(Config\Paths))
CRITICAL - 2025-05-28 14:59:32 --> [Caused by] mysqli_sql_exception: Table 'taberna_del_gnomo.notification' doesn't exist
in SYSTEMPATH\Database\MySQLi\Connection.php on line 327.
 1 SYSTEMPATH\Database\MySQLi\Connection.php(327): mysqli->query('SELECT *
FROM `notification`
ORDER BY `fecha` DESC', 0)
 2 SYSTEMPATH\Database\BaseConnection.php(738): CodeIgniter\Database\MySQLi\Connection->execute('SELECT *
FROM `notification`
ORDER BY `fecha` DESC')
 3 SYSTEMPATH\Database\BaseConnection.php(652): CodeIgniter\Database\BaseConnection->simpleQuery('SELECT *
FROM `notification`
ORDER BY `fecha` DESC')
 4 SYSTEMPATH\Database\BaseBuilder.php(1649): CodeIgniter\Database\BaseConnection->query('SELECT *
FROM `notification`
ORDER BY `fecha` DESC', [], false)
 5 SYSTEMPATH\Model.php(286): CodeIgniter\Database\BaseBuilder->get()
 6 SYSTEMPATH\BaseModel.php(675): CodeIgniter\Model->doFindAll(0, 0)
 7 APPPATH\Controllers\AdminController.php(433): CodeIgniter\BaseModel->findAll()
 8 SYSTEMPATH\CodeIgniter.php(933): App\Controllers\AdminController->notificaciones()
 9 SYSTEMPATH\CodeIgniter.php(507): CodeIgniter\CodeIgniter->runController(Object(App\Controllers\AdminController))
10 SYSTEMPATH\CodeIgniter.php(354): CodeIgniter\CodeIgniter->handleRequest(null, Object(Config\Cache), false)
11 SYSTEMPATH\Boot.php(334): CodeIgniter\CodeIgniter->run()
12 SYSTEMPATH\Boot.php(67): CodeIgniter\Boot::runCodeIgniter(Object(CodeIgniter\CodeIgniter))
13 FCPATH\index.php(56): CodeIgniter\Boot::bootWeb(Object(Config\Paths))
ERROR - 2025-05-28 15:00:40 --> mysqli_sql_exception: Unknown column 'created_at' in 'field list' in C:\xampp\htdocs\repositorio\system\Database\MySQLi\Connection.php:327
Stack trace:
#0 C:\xampp\htdocs\repositorio\system\Database\MySQLi\Connection.php(327): mysqli->query('SELECT `usernam...', 0)
#1 C:\xampp\htdocs\repositorio\system\Database\BaseConnection.php(738): CodeIgniter\Database\MySQLi\Connection->execute('SELECT `usernam...')
#2 C:\xampp\htdocs\repositorio\system\Database\BaseConnection.php(652): CodeIgniter\Database\BaseConnection->simpleQuery('SELECT `usernam...')
#3 C:\xampp\htdocs\repositorio\system\Database\BaseBuilder.php(1649): CodeIgniter\Database\BaseConnection->query('SELECT `usernam...', Array, false)
#4 C:\xampp\htdocs\repositorio\app\Controllers\AdminController.php(453): CodeIgniter\Database\BaseBuilder->get()
#5 C:\xampp\htdocs\repositorio\system\CodeIgniter.php(933): App\Controllers\AdminController->notificaciones()
#6 C:\xampp\htdocs\repositorio\system\CodeIgniter.php(507): CodeIgniter\CodeIgniter->runController(Object(App\Controllers\AdminController))
#7 C:\xampp\htdocs\repositorio\system\CodeIgniter.php(354): CodeIgniter\CodeIgniter->handleRequest(NULL, Object(Config\Cache), false)
#8 C:\xampp\htdocs\repositorio\system\Boot.php(334): CodeIgniter\CodeIgniter->run()
#9 C:\xampp\htdocs\repositorio\system\Boot.php(67): CodeIgniter\Boot::runCodeIgniter(Object(CodeIgniter\CodeIgniter))
#10 C:\xampp\htdocs\repositorio\public\index.php(56): CodeIgniter\Boot::bootWeb(Object(Config\Paths))
#11 {main}
CRITICAL - 2025-05-28 15:00:40 --> CodeIgniter\Database\Exceptions\DatabaseException: Unknown column 'created_at' in 'field list'
[Method: GET, Route: admin/notificaciones]
in SYSTEMPATH\Database\BaseConnection.php on line 692.
 1 SYSTEMPATH\Database\BaseBuilder.php(1649): CodeIgniter\Database\BaseConnection->query('SELECT `username`, `mail`, `created_at`
FROM `user`
ORDER BY `created_at` DESC
 LIMIT 5', [], false)
 2 APPPATH\Controllers\AdminController.php(453): CodeIgniter\Database\BaseBuilder->get()
 3 SYSTEMPATH\CodeIgniter.php(933): App\Controllers\AdminController->notificaciones()
 4 SYSTEMPATH\CodeIgniter.php(507): CodeIgniter\CodeIgniter->runController(Object(App\Controllers\AdminController))
 5 SYSTEMPATH\CodeIgniter.php(354): CodeIgniter\CodeIgniter->handleRequest(null, Object(Config\Cache), false)
 6 SYSTEMPATH\Boot.php(334): CodeIgniter\CodeIgniter->run()
 7 SYSTEMPATH\Boot.php(67): CodeIgniter\Boot::runCodeIgniter(Object(CodeIgniter\CodeIgniter))
 8 FCPATH\index.php(56): CodeIgniter\Boot::bootWeb(Object(Config\Paths))
CRITICAL - 2025-05-28 15:00:40 --> [Caused by] CodeIgniter\Database\Exceptions\DatabaseException: Unknown column 'created_at' in 'field list'
in SYSTEMPATH\Database\MySQLi\Connection.php on line 332.
 1 SYSTEMPATH\Database\BaseConnection.php(738): CodeIgniter\Database\MySQLi\Connection->execute('SELECT `username`, `mail`, `created_at`
FROM `user`
ORDER BY `created_at` DESC
 LIMIT 5')
 2 SYSTEMPATH\Database\BaseConnection.php(652): CodeIgniter\Database\BaseConnection->simpleQuery('SELECT `username`, `mail`, `created_at`
FROM `user`
ORDER BY `created_at` DESC
 LIMIT 5')
 3 SYSTEMPATH\Database\BaseBuilder.php(1649): CodeIgniter\Database\BaseConnection->query('SELECT `username`, `mail`, `created_at`
FROM `user`
ORDER BY `created_at` DESC
 LIMIT 5', [], false)
 4 APPPATH\Controllers\AdminController.php(453): CodeIgniter\Database\BaseBuilder->get()
 5 SYSTEMPATH\CodeIgniter.php(933): App\Controllers\AdminController->notificaciones()
 6 SYSTEMPATH\CodeIgniter.php(507): CodeIgniter\CodeIgniter->runController(Object(App\Controllers\AdminController))
 7 SYSTEMPATH\CodeIgniter.php(354): CodeIgniter\CodeIgniter->handleRequest(null, Object(Config\Cache), false)
 8 SYSTEMPATH\Boot.php(334): CodeIgniter\CodeIgniter->run()
 9 SYSTEMPATH\Boot.php(67): CodeIgniter\Boot::runCodeIgniter(Object(CodeIgniter\CodeIgniter))
10 FCPATH\index.php(56): CodeIgniter\Boot::bootWeb(Object(Config\Paths))
CRITICAL - 2025-05-28 15:00:40 --> [Caused by] mysqli_sql_exception: Unknown column 'created_at' in 'field list'
in SYSTEMPATH\Database\MySQLi\Connection.php on line 327.
 1 SYSTEMPATH\Database\MySQLi\Connection.php(327): mysqli->query('SELECT `username`, `mail`, `created_at`
FROM `user`
ORDER BY `created_at` DESC
 LIMIT 5', 0)
 2 SYSTEMPATH\Database\BaseConnection.php(738): CodeIgniter\Database\MySQLi\Connection->execute('SELECT `username`, `mail`, `created_at`
FROM `user`
ORDER BY `created_at` DESC
 LIMIT 5')
 3 SYSTEMPATH\Database\BaseConnection.php(652): CodeIgniter\Database\BaseConnection->simpleQuery('SELECT `username`, `mail`, `created_at`
FROM `user`
ORDER BY `created_at` DESC
 LIMIT 5')
 4 SYSTEMPATH\Database\BaseBuilder.php(1649): CodeIgniter\Database\BaseConnection->query('SELECT `username`, `mail`, `created_at`
FROM `user`
ORDER BY `created_at` DESC
 LIMIT 5', [], false)
 5 APPPATH\Controllers\AdminController.php(453): CodeIgniter\Database\BaseBuilder->get()
 6 SYSTEMPATH\CodeIgniter.php(933): App\Controllers\AdminController->notificaciones()
 7 SYSTEMPATH\CodeIgniter.php(507): CodeIgniter\CodeIgniter->runController(Object(App\Controllers\AdminController))
 8 SYSTEMPATH\CodeIgniter.php(354): CodeIgniter\CodeIgniter->handleRequest(null, Object(Config\Cache), false)
 9 SYSTEMPATH\Boot.php(334): CodeIgniter\CodeIgniter->run()
10 SYSTEMPATH\Boot.php(67): CodeIgniter\Boot::runCodeIgniter(Object(CodeIgniter\CodeIgniter))
11 FCPATH\index.php(56): CodeIgniter\Boot::bootWeb(Object(Config\Paths))
ERROR - 2025-05-28 15:01:08 --> mysqli_sql_exception: Unknown column 'created_at' in 'field list' in C:\xampp\htdocs\repositorio\system\Database\MySQLi\Connection.php:327
Stack trace:
#0 C:\xampp\htdocs\repositorio\system\Database\MySQLi\Connection.php(327): mysqli->query('SELECT `usernam...', 0)
#1 C:\xampp\htdocs\repositorio\system\Database\BaseConnection.php(738): CodeIgniter\Database\MySQLi\Connection->execute('SELECT `usernam...')
#2 C:\xampp\htdocs\repositorio\system\Database\BaseConnection.php(652): CodeIgniter\Database\BaseConnection->simpleQuery('SELECT `usernam...')
#3 C:\xampp\htdocs\repositorio\system\Database\BaseBuilder.php(1649): CodeIgniter\Database\BaseConnection->query('SELECT `usernam...', Array, false)
#4 C:\xampp\htdocs\repositorio\app\Controllers\AdminController.php(453): CodeIgniter\Database\BaseBuilder->get()
#5 C:\xampp\htdocs\repositorio\system\CodeIgniter.php(933): App\Controllers\AdminController->notificaciones()
#6 C:\xampp\htdocs\repositorio\system\CodeIgniter.php(507): CodeIgniter\CodeIgniter->runController(Object(App\Controllers\AdminController))
#7 C:\xampp\htdocs\repositorio\system\CodeIgniter.php(354): CodeIgniter\CodeIgniter->handleRequest(NULL, Object(Config\Cache), false)
#8 C:\xampp\htdocs\repositorio\system\Boot.php(334): CodeIgniter\CodeIgniter->run()
#9 C:\xampp\htdocs\repositorio\system\Boot.php(67): CodeIgniter\Boot::runCodeIgniter(Object(CodeIgniter\CodeIgniter))
#10 C:\xampp\htdocs\repositorio\public\index.php(56): CodeIgniter\Boot::bootWeb(Object(Config\Paths))
#11 {main}
CRITICAL - 2025-05-28 15:01:08 --> CodeIgniter\Database\Exceptions\DatabaseException: Unknown column 'created_at' in 'field list'
[Method: GET, Route: admin/notificaciones]
in SYSTEMPATH\Database\BaseConnection.php on line 692.
 1 SYSTEMPATH\Database\BaseBuilder.php(1649): CodeIgniter\Database\BaseConnection->query('SELECT `username`, `mail`, `created_at`
FROM `user`
ORDER BY `created_at` DESC
 LIMIT 5', [], false)
 2 APPPATH\Controllers\AdminController.php(453): CodeIgniter\Database\BaseBuilder->get()
 3 SYSTEMPATH\CodeIgniter.php(933): App\Controllers\AdminController->notificaciones()
 4 SYSTEMPATH\CodeIgniter.php(507): CodeIgniter\CodeIgniter->runController(Object(App\Controllers\AdminController))
 5 SYSTEMPATH\CodeIgniter.php(354): CodeIgniter\CodeIgniter->handleRequest(null, Object(Config\Cache), false)
 6 SYSTEMPATH\Boot.php(334): CodeIgniter\CodeIgniter->run()
 7 SYSTEMPATH\Boot.php(67): CodeIgniter\Boot::runCodeIgniter(Object(CodeIgniter\CodeIgniter))
 8 FCPATH\index.php(56): CodeIgniter\Boot::bootWeb(Object(Config\Paths))
CRITICAL - 2025-05-28 15:01:08 --> [Caused by] CodeIgniter\Database\Exceptions\DatabaseException: Unknown column 'created_at' in 'field list'
in SYSTEMPATH\Database\MySQLi\Connection.php on line 332.
 1 SYSTEMPATH\Database\BaseConnection.php(738): CodeIgniter\Database\MySQLi\Connection->execute('SELECT `username`, `mail`, `created_at`
FROM `user`
ORDER BY `created_at` DESC
 LIMIT 5')
 2 SYSTEMPATH\Database\BaseConnection.php(652): CodeIgniter\Database\BaseConnection->simpleQuery('SELECT `username`, `mail`, `created_at`
FROM `user`
ORDER BY `created_at` DESC
 LIMIT 5')
 3 SYSTEMPATH\Database\BaseBuilder.php(1649): CodeIgniter\Database\BaseConnection->query('SELECT `username`, `mail`, `created_at`
FROM `user`
ORDER BY `created_at` DESC
 LIMIT 5', [], false)
 4 APPPATH\Controllers\AdminController.php(453): CodeIgniter\Database\BaseBuilder->get()
 5 SYSTEMPATH\CodeIgniter.php(933): App\Controllers\AdminController->notificaciones()
 6 SYSTEMPATH\CodeIgniter.php(507): CodeIgniter\CodeIgniter->runController(Object(App\Controllers\AdminController))
 7 SYSTEMPATH\CodeIgniter.php(354): CodeIgniter\CodeIgniter->handleRequest(null, Object(Config\Cache), false)
 8 SYSTEMPATH\Boot.php(334): CodeIgniter\CodeIgniter->run()
 9 SYSTEMPATH\Boot.php(67): CodeIgniter\Boot::runCodeIgniter(Object(CodeIgniter\CodeIgniter))
10 FCPATH\index.php(56): CodeIgniter\Boot::bootWeb(Object(Config\Paths))
CRITICAL - 2025-05-28 15:01:08 --> [Caused by] mysqli_sql_exception: Unknown column 'created_at' in 'field list'
in SYSTEMPATH\Database\MySQLi\Connection.php on line 327.
 1 SYSTEMPATH\Database\MySQLi\Connection.php(327): mysqli->query('SELECT `username`, `mail`, `created_at`
FROM `user`
ORDER BY `created_at` DESC
 LIMIT 5', 0)
 2 SYSTEMPATH\Database\BaseConnection.php(738): CodeIgniter\Database\MySQLi\Connection->execute('SELECT `username`, `mail`, `created_at`
FROM `user`
ORDER BY `created_at` DESC
 LIMIT 5')
 3 SYSTEMPATH\Database\BaseConnection.php(652): CodeIgniter\Database\BaseConnection->simpleQuery('SELECT `username`, `mail`, `created_at`
FROM `user`
ORDER BY `created_at` DESC
 LIMIT 5')
 4 SYSTEMPATH\Database\BaseBuilder.php(1649): CodeIgniter\Database\BaseConnection->query('SELECT `username`, `mail`, `created_at`
FROM `user`
ORDER BY `created_at` DESC
 LIMIT 5', [], false)
 5 APPPATH\Controllers\AdminController.php(453): CodeIgniter\Database\BaseBuilder->get()
 6 SYSTEMPATH\CodeIgniter.php(933): App\Controllers\AdminController->notificaciones()
 7 SYSTEMPATH\CodeIgniter.php(507): CodeIgniter\CodeIgniter->runController(Object(App\Controllers\AdminController))
 8 SYSTEMPATH\CodeIgniter.php(354): CodeIgniter\CodeIgniter->handleRequest(null, Object(Config\Cache), false)
 9 SYSTEMPATH\Boot.php(334): CodeIgniter\CodeIgniter->run()
10 SYSTEMPATH\Boot.php(67): CodeIgniter\Boot::runCodeIgniter(Object(CodeIgniter\CodeIgniter))
11 FCPATH\index.php(56): CodeIgniter\Boot::bootWeb(Object(Config\Paths))
CRITICAL - 2025-05-28 15:42:41 --> Error: Class "App\Models\CartItemModel" not found
[Method: GET, Route: carrito]
in APPPATH\Controllers\CarritoController.php on line 12.
 1 SYSTEMPATH\CodeIgniter.php(933): App\Controllers\CarritoController->index()
 2 SYSTEMPATH\CodeIgniter.php(507): CodeIgniter\CodeIgniter->runController(Object(App\Controllers\CarritoController))
 3 SYSTEMPATH\CodeIgniter.php(354): CodeIgniter\CodeIgniter->handleRequest(null, Object(Config\Cache), false)
 4 SYSTEMPATH\Boot.php(334): CodeIgniter\CodeIgniter->run()
 5 SYSTEMPATH\Boot.php(67): CodeIgniter\Boot::runCodeIgniter(Object(CodeIgniter\CodeIgniter))
 6 FCPATH\index.php(56): CodeIgniter\Boot::bootWeb(Object(Config\Paths))
DEBUG - 2025-05-28 15:52:42 --> Session: Class initialized using 'CodeIgniter\Session\Handlers\FileHandler' driver.
DEBUG - 2025-05-28 15:54:01 --> Session: Class initialized using 'CodeIgniter\Session\Handlers\FileHandler' driver.
DEBUG - 2025-05-28 15:54:06 --> Session: Class initialized using 'CodeIgniter\Session\Handlers\FileHandler' driver.
DEBUG - 2025-05-28 15:54:09 --> Session: Class initialized using 'CodeIgniter\Session\Handlers\FileHandler' driver.
DEBUG - 2025-05-28 15:54:12 --> Session: Class initialized using 'CodeIgniter\Session\Handlers\FileHandler' driver.
DEBUG - 2025-05-28 15:54:12 --> Session: Class initialized using 'CodeIgniter\Session\Handlers\FileHandler' driver.
DEBUG - 2025-05-28 15:57:20 --> Session: Class initialized using 'CodeIgniter\Session\Handlers\FileHandler' driver.
DEBUG - 2025-05-28 15:59:32 --> Session: Class initialized using 'CodeIgniter\Session\Handlers\FileHandler' driver.
DEBUG - 2025-05-28 15:59:33 --> Session: Class initialized using 'CodeIgniter\Session\Handlers\FileHandler' driver.
DEBUG - 2025-05-28 15:59:34 --> Session: Class initialized using 'CodeIgniter\Session\Handlers\FileHandler' driver.
DEBUG - 2025-05-28 15:59:34 --> Session: Class initialized using 'CodeIgniter\Session\Handlers\FileHandler' driver.
DEBUG - 2025-05-28 15:59:41 --> Session: Class initialized using 'CodeIgniter\Session\Handlers\FileHandler' driver.
DEBUG - 2025-05-28 15:59:57 --> Session: Class initialized using 'CodeIgniter\Session\Handlers\FileHandler' driver.
DEBUG - 2025-05-28 16:11:22 --> Session: Class initialized using 'CodeIgniter\Session\Handlers\FileHandler' driver.
DEBUG - 2025-05-28 16:11:37 --> Session: Class initialized using 'CodeIgniter\Session\Handlers\FileHandler' driver.
DEBUG - 2025-05-28 16:12:03 --> Session: Class initialized using 'CodeIgniter\Session\Handlers\FileHandler' driver.
CRITICAL - 2025-05-28 16:12:03 --> ErrorException: Undefined array key "price"
[Method: POST, Route: checkout/pago]
in APPPATH\Controllers\CheckoutController.php on line 43.
 1 APPPATH\Controllers\CheckoutController.php(43): CodeIgniter\Debug\Exceptions->errorHandler(2, 'Undefined array key "price"', 'C:\\xampp\\htdocs\\repositorio\\app\\Controllers\\CheckoutController.php', 43)
 2 SYSTEMPATH\CodeIgniter.php(933): App\Controllers\CheckoutController->guardarPago()
 3 SYSTEMPATH\CodeIgniter.php(507): CodeIgniter\CodeIgniter->runController(Object(App\Controllers\CheckoutController))
 4 SYSTEMPATH\CodeIgniter.php(354): CodeIgniter\CodeIgniter->handleRequest(null, Object(Config\Cache), false)
 5 SYSTEMPATH\Boot.php(334): CodeIgniter\CodeIgniter->run()
 6 SYSTEMPATH\Boot.php(67): CodeIgniter\Boot::runCodeIgniter(Object(CodeIgniter\CodeIgniter))
 7 FCPATH\index.php(56): CodeIgniter\Boot::bootWeb(Object(Config\Paths))
DEBUG - 2025-05-28 16:12:27 --> Session: Class initialized using 'CodeIgniter\Session\Handlers\FileHandler' driver.
DEBUG - 2025-05-28 16:14:20 --> Session: Class initialized using 'CodeIgniter\Session\Handlers\FileHandler' driver.
DEBUG - 2025-05-28 16:14:22 --> Session: Class initialized using 'CodeIgniter\Session\Handlers\FileHandler' driver.
DEBUG - 2025-05-28 16:14:28 --> Session: Class initialized using 'CodeIgniter\Session\Handlers\FileHandler' driver.
DEBUG - 2025-05-28 16:14:30 --> Session: Class initialized using 'CodeIgniter\Session\Handlers\FileHandler' driver.
DEBUG - 2025-05-28 16:14:33 --> Session: Class initialized using 'CodeIgniter\Session\Handlers\FileHandler' driver.
DEBUG - 2025-05-28 16:14:56 --> Session: Class initialized using 'CodeIgniter\Session\Handlers\FileHandler' driver.
DEBUG - 2025-05-28 16:15:08 --> Session: Class initialized using 'CodeIgniter\Session\Handlers\FileHandler' driver.
DEBUG - 2025-05-28 16:15:28 --> Session: Class initialized using 'CodeIgniter\Session\Handlers\FileHandler' driver.
CRITICAL - 2025-05-28 16:15:28 --> TypeError: number_format(): Argument #1 ($num) must be of type float, array given
[Method: POST, Route: checkout/pago]
in APPPATH\Views\checkout\revision.php on line 50.
 1 APPPATH\Views\checkout\revision.php(50): number_format([...], 2, ',', '.')
 2 SYSTEMPATH\View\View.php(224): include('C:\\xampp\\htdocs\\repositorio\\app\\Views\\checkout\\revision.php')
 3 SYSTEMPATH\View\View.php(227): CodeIgniter\View\View->CodeIgniter\View\{closure}()
 4 SYSTEMPATH\Common.php(1173): CodeIgniter\View\View->render('checkout/revision', [], true)
 5 APPPATH\Controllers\CheckoutController.php(53): view('checkout/revision', [...])
 6 SYSTEMPATH\CodeIgniter.php(933): App\Controllers\CheckoutController->guardarPago()
 7 SYSTEMPATH\CodeIgniter.php(507): CodeIgniter\CodeIgniter->runController(Object(App\Controllers\CheckoutController))
 8 SYSTEMPATH\CodeIgniter.php(354): CodeIgniter\CodeIgniter->handleRequest(null, Object(Config\Cache), false)
 9 SYSTEMPATH\Boot.php(334): CodeIgniter\CodeIgniter->run()
10 SYSTEMPATH\Boot.php(67): CodeIgniter\Boot::runCodeIgniter(Object(CodeIgniter\CodeIgniter))
11 FCPATH\index.php(56): CodeIgniter\Boot::bootWeb(Object(Config\Paths))
DEBUG - 2025-05-28 16:18:23 --> Session: Class initialized using 'CodeIgniter\Session\Handlers\FileHandler' driver.
DEBUG - 2025-05-28 16:18:40 --> Session: Class initialized using 'CodeIgniter\Session\Handlers\FileHandler' driver.
DEBUG - 2025-05-28 16:19:00 --> Session: Class initialized using 'CodeIgniter\Session\Handlers\FileHandler' driver.
CRITICAL - 2025-05-28 16:19:00 --> ErrorException: Undefined variable $pago
[Method: POST, Route: checkout/pago]
in APPPATH\Controllers\CheckoutController.php on line 49.
 1 APPPATH\Controllers\CheckoutController.php(49): CodeIgniter\Debug\Exceptions->errorHandler(2, 'Undefined variable $pago', 'C:\\xampp\\htdocs\\repositorio\\app\\Controllers\\CheckoutController.php', 49)
 2 SYSTEMPATH\CodeIgniter.php(933): App\Controllers\CheckoutController->guardarPago()
 3 SYSTEMPATH\CodeIgniter.php(507): CodeIgniter\CodeIgniter->runController(Object(App\Controllers\CheckoutController))
 4 SYSTEMPATH\CodeIgniter.php(354): CodeIgniter\CodeIgniter->handleRequest(null, Object(Config\Cache), false)
 5 SYSTEMPATH\Boot.php(334): CodeIgniter\CodeIgniter->run()
 6 SYSTEMPATH\Boot.php(67): CodeIgniter\Boot::runCodeIgniter(Object(CodeIgniter\CodeIgniter))
 7 FCPATH\index.php(56): CodeIgniter\Boot::bootWeb(Object(Config\Paths))
DEBUG - 2025-05-28 16:20:26 --> Session: Class initialized using 'CodeIgniter\Session\Handlers\FileHandler' driver.
DEBUG - 2025-05-28 16:21:49 --> Session: Class initialized using 'CodeIgniter\Session\Handlers\FileHandler' driver.
DEBUG - 2025-05-28 16:25:07 --> Session: Class initialized using 'CodeIgniter\Session\Handlers\FileHandler' driver.
CRITICAL - 2025-05-28 16:25:07 --> ErrorException: Undefined array key "vencimiento"
[Method: POST, Route: checkout/pago]
in APPPATH\Views\checkout\revision.php on line 40.
 1 APPPATH\Views\checkout\revision.php(40): CodeIgniter\Debug\Exceptions->errorHandler(2, 'Undefined array key "vencimiento"', 'C:\\xampp\\htdocs\\repositorio\\app\\Views\\checkout\\revision.php', 40)
 2 SYSTEMPATH\View\View.php(224): include('C:\\xampp\\htdocs\\repositorio\\app\\Views\\checkout\\revision.php')
 3 SYSTEMPATH\View\View.php(227): CodeIgniter\View\View->CodeIgniter\View\{closure}()
 4 SYSTEMPATH\Common.php(1173): CodeIgniter\View\View->render('checkout/revision', [], true)
 5 APPPATH\Controllers\CheckoutController.php(54): view('checkout/revision', [...])
 6 SYSTEMPATH\CodeIgniter.php(933): App\Controllers\CheckoutController->guardarPago()
 7 SYSTEMPATH\CodeIgniter.php(507): CodeIgniter\CodeIgniter->runController(Object(App\Controllers\CheckoutController))
 8 SYSTEMPATH\CodeIgniter.php(354): CodeIgniter\CodeIgniter->handleRequest(null, Object(Config\Cache), false)
 9 SYSTEMPATH\Boot.php(334): CodeIgniter\CodeIgniter->run()
10 SYSTEMPATH\Boot.php(67): CodeIgniter\Boot::runCodeIgniter(Object(CodeIgniter\CodeIgniter))
11 FCPATH\index.php(56): CodeIgniter\Boot::bootWeb(Object(Config\Paths))
DEBUG - 2025-05-28 16:25:11 --> Session: Class initialized using 'CodeIgniter\Session\Handlers\FileHandler' driver.
CRITICAL - 2025-05-28 16:25:11 --> ErrorException: Undefined array key "vencimiento"
[Method: POST, Route: checkout/pago]
in APPPATH\Views\checkout\revision.php on line 40.
 1 APPPATH\Views\checkout\revision.php(40): CodeIgniter\Debug\Exceptions->errorHandler(2, 'Undefined array key "vencimiento"', 'C:\\xampp\\htdocs\\repositorio\\app\\Views\\checkout\\revision.php', 40)
 2 SYSTEMPATH\View\View.php(224): include('C:\\xampp\\htdocs\\repositorio\\app\\Views\\checkout\\revision.php')
 3 SYSTEMPATH\View\View.php(227): CodeIgniter\View\View->CodeIgniter\View\{closure}()
 4 SYSTEMPATH\Common.php(1173): CodeIgniter\View\View->render('checkout/revision', [], true)
 5 APPPATH\Controllers\CheckoutController.php(54): view('checkout/revision', [...])
 6 SYSTEMPATH\CodeIgniter.php(933): App\Controllers\CheckoutController->guardarPago()
 7 SYSTEMPATH\CodeIgniter.php(507): CodeIgniter\CodeIgniter->runController(Object(App\Controllers\CheckoutController))
 8 SYSTEMPATH\CodeIgniter.php(354): CodeIgniter\CodeIgniter->handleRequest(null, Object(Config\Cache), false)
 9 SYSTEMPATH\Boot.php(334): CodeIgniter\CodeIgniter->run()
10 SYSTEMPATH\Boot.php(67): CodeIgniter\Boot::runCodeIgniter(Object(CodeIgniter\CodeIgniter))
11 FCPATH\index.php(56): CodeIgniter\Boot::bootWeb(Object(Config\Paths))
DEBUG - 2025-05-28 16:27:08 --> Session: Class initialized using 'CodeIgniter\Session\Handlers\FileHandler' driver.
CRITICAL - 2025-05-28 16:27:08 --> ErrorException: Undefined variable $envioCosto
[Method: POST, Route: checkout/pago]
in APPPATH\Views\checkout\revision.php on line 56.
 1 APPPATH\Views\checkout\revision.php(56): CodeIgniter\Debug\Exceptions->errorHandler(2, 'Undefined variable $envioCosto', 'C:\\xampp\\htdocs\\repositorio\\app\\Views\\checkout\\revision.php', 56)
 2 SYSTEMPATH\View\View.php(224): include('C:\\xampp\\htdocs\\repositorio\\app\\Views\\checkout\\revision.php')
 3 SYSTEMPATH\View\View.php(227): CodeIgniter\View\View->CodeIgniter\View\{closure}()
 4 SYSTEMPATH\Common.php(1173): CodeIgniter\View\View->render('checkout/revision', [], true)
 5 APPPATH\Controllers\CheckoutController.php(54): view('checkout/revision', [...])
 6 SYSTEMPATH\CodeIgniter.php(933): App\Controllers\CheckoutController->guardarPago()
 7 SYSTEMPATH\CodeIgniter.php(507): CodeIgniter\CodeIgniter->runController(Object(App\Controllers\CheckoutController))
 8 SYSTEMPATH\CodeIgniter.php(354): CodeIgniter\CodeIgniter->handleRequest(null, Object(Config\Cache), false)
 9 SYSTEMPATH\Boot.php(334): CodeIgniter\CodeIgniter->run()
10 SYSTEMPATH\Boot.php(67): CodeIgniter\Boot::runCodeIgniter(Object(CodeIgniter\CodeIgniter))
11 FCPATH\index.php(56): CodeIgniter\Boot::bootWeb(Object(Config\Paths))
DEBUG - 2025-05-28 16:27:29 --> Session: Class initialized using 'CodeIgniter\Session\Handlers\FileHandler' driver.
CRITICAL - 2025-05-28 16:27:29 --> ErrorException: compact(): Undefined variable $envioCosto
[Method: POST, Route: checkout/pago]
in APPPATH\Controllers\CheckoutController.php on line 54.
 1 [internal function]: CodeIgniter\Debug\Exceptions->errorHandler(2, 'compact(): Undefined variable $envioCosto', 'C:\\xampp\\htdocs\\repositorio\\app\\Controllers\\CheckoutController.php', 54)
 2 APPPATH\Controllers\CheckoutController.php(54): compact('productos', 'subtotal', 'envioCosto', 'impuestos', 'total')
 3 SYSTEMPATH\CodeIgniter.php(933): App\Controllers\CheckoutController->guardarPago()
 4 SYSTEMPATH\CodeIgniter.php(507): CodeIgniter\CodeIgniter->runController(Object(App\Controllers\CheckoutController))
 5 SYSTEMPATH\CodeIgniter.php(354): CodeIgniter\CodeIgniter->handleRequest(null, Object(Config\Cache), false)
 6 SYSTEMPATH\Boot.php(334): CodeIgniter\CodeIgniter->run()
 7 SYSTEMPATH\Boot.php(67): CodeIgniter\Boot::runCodeIgniter(Object(CodeIgniter\CodeIgniter))
 8 FCPATH\index.php(56): CodeIgniter\Boot::bootWeb(Object(Config\Paths))
DEBUG - 2025-05-28 16:28:14 --> Session: Class initialized using 'CodeIgniter\Session\Handlers\FileHandler' driver.
CRITICAL - 2025-05-28 16:28:14 --> ErrorException: Undefined variable $envioCosto
[Method: POST, Route: checkout/pago]
in APPPATH\Views\checkout\revision.php on line 56.
 1 APPPATH\Views\checkout\revision.php(56): CodeIgniter\Debug\Exceptions->errorHandler(2, 'Undefined variable $envioCosto', 'C:\\xampp\\htdocs\\repositorio\\app\\Views\\checkout\\revision.php', 56)
 2 SYSTEMPATH\View\View.php(224): include('C:\\xampp\\htdocs\\repositorio\\app\\Views\\checkout\\revision.php')
 3 SYSTEMPATH\View\View.php(227): CodeIgniter\View\View->CodeIgniter\View\{closure}()
 4 SYSTEMPATH\Common.php(1173): CodeIgniter\View\View->render('checkout/revision', [], true)
 5 APPPATH\Controllers\CheckoutController.php(54): view('checkout/revision', [...])
 6 SYSTEMPATH\CodeIgniter.php(933): App\Controllers\CheckoutController->guardarPago()
 7 SYSTEMPATH\CodeIgniter.php(507): CodeIgniter\CodeIgniter->runController(Object(App\Controllers\CheckoutController))
 8 SYSTEMPATH\CodeIgniter.php(354): CodeIgniter\CodeIgniter->handleRequest(null, Object(Config\Cache), false)
 9 SYSTEMPATH\Boot.php(334): CodeIgniter\CodeIgniter->run()
10 SYSTEMPATH\Boot.php(67): CodeIgniter\Boot::runCodeIgniter(Object(CodeIgniter\CodeIgniter))
11 FCPATH\index.php(56): CodeIgniter\Boot::bootWeb(Object(Config\Paths))
DEBUG - 2025-05-28 16:28:44 --> Session: Class initialized using 'CodeIgniter\Session\Handlers\FileHandler' driver.
CRITICAL - 2025-05-28 16:32:07 --> ParseError: Unmatched '}'
[Method: POST, Route: checkout/pago]
in APPPATH\Controllers\CheckoutController.php on line 122.
 1 SYSTEMPATH\Autoloader\Autoloader.php(295): CodeIgniter\Autoloader\Autoloader->includeFile('C:\\xampp\\htdocs\\repositorio\\app\\Controllers\\CheckoutController.php')
 2 SYSTEMPATH\Autoloader\Autoloader.php(271): CodeIgniter\Autoloader\Autoloader->loadInNamespace('App\\Controllers\\CheckoutController')
 3 [internal function]: CodeIgniter\Autoloader\Autoloader->loadClass('App\\Controllers\\CheckoutController')
 4 SYSTEMPATH\CodeIgniter.php(885): class_exists('\\App\\Controllers\\CheckoutController', true)
 5 SYSTEMPATH\CodeIgniter.php(494): CodeIgniter\CodeIgniter->startController()
 6 SYSTEMPATH\CodeIgniter.php(354): CodeIgniter\CodeIgniter->handleRequest(null, Object(Config\Cache), false)
 7 SYSTEMPATH\Boot.php(334): CodeIgniter\CodeIgniter->run()
 8 SYSTEMPATH\Boot.php(67): CodeIgniter\Boot::runCodeIgniter(Object(CodeIgniter\CodeIgniter))
 9 FCPATH\index.php(56): CodeIgniter\Boot::bootWeb(Object(Config\Paths))
DEBUG - 2025-05-28 16:32:51 --> Session: Class initialized using 'CodeIgniter\Session\Handlers\FileHandler' driver.
DEBUG - 2025-05-28 16:34:50 --> Session: Class initialized using 'CodeIgniter\Session\Handlers\FileHandler' driver.
CRITICAL - 2025-05-28 16:34:50 --> Error: Class "App\Models\InvoiceItemModel" not found
[Method: POST, Route: checkout/confirmar]
in APPPATH\Controllers\CheckoutController.php on line 99.
 1 SYSTEMPATH\CodeIgniter.php(933): App\Controllers\CheckoutController->confirmarPedido()
 2 SYSTEMPATH\CodeIgniter.php(507): CodeIgniter\CodeIgniter->runController(Object(App\Controllers\CheckoutController))
 3 SYSTEMPATH\CodeIgniter.php(354): CodeIgniter\CodeIgniter->handleRequest(null, Object(Config\Cache), false)
 4 SYSTEMPATH\Boot.php(334): CodeIgniter\CodeIgniter->run()
 5 SYSTEMPATH\Boot.php(67): CodeIgniter\Boot::runCodeIgniter(Object(CodeIgniter\CodeIgniter))
 6 FCPATH\index.php(56): CodeIgniter\Boot::bootWeb(Object(Config\Paths))
DEBUG - 2025-05-28 16:38:38 --> Session: Class initialized using 'CodeIgniter\Session\Handlers\FileHandler' driver.
DEBUG - 2025-05-28 17:03:04 --> Session: Class initialized using 'CodeIgniter\Session\Handlers\FileHandler' driver.
DEBUG - 2025-05-28 17:03:12 --> Session: Class initialized using 'CodeIgniter\Session\Handlers\FileHandler' driver.
DEBUG - 2025-05-28 17:03:32 --> Session: Class initialized using 'CodeIgniter\Session\Handlers\FileHandler' driver.
DEBUG - 2025-05-28 17:03:49 --> Session: Class initialized using 'CodeIgniter\Session\Handlers\FileHandler' driver.
DEBUG - 2025-05-28 17:04:08 --> Session: Class initialized using 'CodeIgniter\Session\Handlers\FileHandler' driver.
DEBUG - 2025-05-28 17:05:02 --> Session: Class initialized using 'CodeIgniter\Session\Handlers\FileHandler' driver.
DEBUG - 2025-05-28 17:05:27 --> Session: Class initialized using 'CodeIgniter\Session\Handlers\FileHandler' driver.
DEBUG - 2025-05-28 17:05:40 --> Session: Class initialized using 'CodeIgniter\Session\Handlers\FileHandler' driver.
DEBUG - 2025-05-28 17:05:43 --> Session: Class initialized using 'CodeIgniter\Session\Handlers\FileHandler' driver.
DEBUG - 2025-05-28 17:05:46 --> Session: Class initialized using 'CodeIgniter\Session\Handlers\FileHandler' driver.
DEBUG - 2025-05-28 17:05:48 --> Session: Class initialized using 'CodeIgniter\Session\Handlers\FileHandler' driver.
DEBUG - 2025-05-28 17:05:49 --> Session: Class initialized using 'CodeIgniter\Session\Handlers\FileHandler' driver.
DEBUG - 2025-05-28 17:08:26 --> Session: Class initialized using 'CodeIgniter\Session\Handlers\FileHandler' driver.
DEBUG - 2025-05-28 17:08:44 --> Session: Class initialized using 'CodeIgniter\Session\Handlers\FileHandler' driver.
