CRITICAL - 2025-04-29 23:27:26 --> Error: Object of type CodeIgniter\View\View is not callable
[Method: GET, Route: home/contacto]
in APPPATH\Views\layout.php on line 23.
 1 SYSTEMPATH\View\View.php(224): include()
 2 SYSTEMPATH\View\View.php(227): CodeIgniter\View\View->CodeIgniter\View\{closure}()
 3 SYSTEMPATH\View\View.php(240): CodeIgniter\View\View->render('layout', [], true)
 4 SYSTEMPATH\Common.php(1173): CodeIgniter\View\View->render('contacto', [], true)
 5 APPPATH\Controllers\Home.php(24): view('contacto')
 6 SYSTEMPATH\CodeIgniter.php(933): App\Controllers\Home->contacto()
 7 SYSTEMPATH\CodeIgniter.php(507): CodeIgniter\CodeIgniter->runController(Object(App\Controllers\Home))
 8 SYSTEMPATH\CodeIgniter.php(354): CodeIgniter\CodeIgniter->handleRequest(null, Object(Config\Cache), false)
 9 SYSTEMPATH\Boot.php(334): CodeIgniter\CodeIgniter->run()
10 SYSTEMPATH\Boot.php(67): CodeIgniter\Boot::runCodeIgniter(Object(CodeIgniter\CodeIgniter))
11 FCPATH\index.php(56): CodeIgniter\Boot::bootWeb(Object(Config\Paths))
CRITICAL - 2025-04-29 23:38:46 --> ParseError: syntax error, unexpected token "?"
[Method: GET, Route: /]
in APPPATH\Views\footer.php on line 7.
 1 SYSTEMPATH\View\View.php(227): CodeIgniter\View\View->CodeIgniter\View\{closure}()
 2 SYSTEMPATH\View\View.php(475): CodeIgniter\View\View->render('footer', null, true)
 3 APPPATH\Views\layout.php(28): CodeIgniter\View\View->include('footer')
 4 SYSTEMPATH\View\View.php(224): include('C:\\xampp\\htdocs\\repositorio\\app\\Views\\layout.php')
 5 SYSTEMPATH\View\View.php(227): CodeIgniter\View\View->CodeIgniter\View\{closure}()
 6 SYSTEMPATH\View\View.php(240): CodeIgniter\View\View->render('layout', [], true)
 7 SYSTEMPATH\Common.php(1173): CodeIgniter\View\View->render('nueva_plantilla', [], true)
 8 APPPATH\Controllers\Home.php(9): view('nueva_plantilla')
 9 SYSTEMPATH\CodeIgniter.php(933): App\Controllers\Home->index()
10 SYSTEMPATH\CodeIgniter.php(507): CodeIgniter\CodeIgniter->runController(Object(App\Controllers\Home))
11 SYSTEMPATH\CodeIgniter.php(354): CodeIgniter\CodeIgniter->handleRequest(null, Object(Config\Cache), false)
12 SYSTEMPATH\Boot.php(334): CodeIgniter\CodeIgniter->run()
13 SYSTEMPATH\Boot.php(67): CodeIgniter\Boot::runCodeIgniter(Object(CodeIgniter\CodeIgniter))
14 FCPATH\index.php(56): CodeIgniter\Boot::bootWeb(Object(Config\Paths))
