CRITICAL - 2025-04-30 22:16:57 --> ArgumentCountError: Too few arguments to function CodeIgniter\Router\RouteCollection::get(), 1 passed in C:\xampp\htdocs\repositorio\app\Config\Routes.php on line 14 and at least 2 expected
[Method: GET, Route: /]
in SYSTEMPATH\Router\RouteCollection.php on line 1050.
 1 APPPATH\Config\Routes.php(14): CodeIgniter\Router\RouteCollection->get('home/nuevos_jugadores')
 2 SYSTEMPATH\Router\RouteCollection.php(339): require('C:\\xampp\\htdocs\\repositorio\\app\\Config\\Routes.php')
 3 SYSTEMPATH\CodeIgniter.php(821): CodeIgniter\Router\RouteCollection->loadRoutes()
 4 SYSTEMPATH\CodeIgniter.php(455): CodeIgniter\CodeIgniter->tryToRouteIt(null)
 5 SYSTEMPATH\CodeIgniter.php(354): CodeIgniter\CodeIgniter->handleRequest(null, Object(Config\Cache), false)
 6 SYSTEMPATH\Boot.php(334): CodeIgniter\CodeIgniter->run()
 7 SYSTEMPATH\Boot.php(67): CodeIgniter\Boot::runCodeIgniter(Object(CodeIgniter\CodeIgniter))
 8 FCPATH\index.php(56): CodeIgniter\Boot::bootWeb(Object(Config\Paths))
CRITICAL - 2025-04-30 22:17:00 --> ArgumentCountError: Too few arguments to function CodeIgniter\Router\RouteCollection::get(), 1 passed in C:\xampp\htdocs\repositorio\app\Config\Routes.php on line 14 and at least 2 expected
[Method: GET, Route: home/contacto]
in SYSTEMPATH\Router\RouteCollection.php on line 1050.
 1 APPPATH\Config\Routes.php(14): CodeIgniter\Router\RouteCollection->get('home/nuevos_jugadores')
 2 SYSTEMPATH\Router\RouteCollection.php(339): require('C:\\xampp\\htdocs\\repositorio\\app\\Config\\Routes.php')
 3 SYSTEMPATH\CodeIgniter.php(821): CodeIgniter\Router\RouteCollection->loadRoutes()
 4 SYSTEMPATH\CodeIgniter.php(455): CodeIgniter\CodeIgniter->tryToRouteIt(null)
 5 SYSTEMPATH\CodeIgniter.php(354): CodeIgniter\CodeIgniter->handleRequest(null, Object(Config\Cache), false)
 6 SYSTEMPATH\Boot.php(334): CodeIgniter\CodeIgniter->run()
 7 SYSTEMPATH\Boot.php(67): CodeIgniter\Boot::runCodeIgniter(Object(CodeIgniter\CodeIgniter))
 8 FCPATH\index.php(56): CodeIgniter\Boot::bootWeb(Object(Config\Paths))
CRITICAL - 2025-04-30 22:17:04 --> ArgumentCountError: Too few arguments to function CodeIgniter\Router\RouteCollection::get(), 1 passed in C:\xampp\htdocs\repositorio\app\Config\Routes.php on line 14 and at least 2 expected
[Method: GET, Route: home/proximamente]
in SYSTEMPATH\Router\RouteCollection.php on line 1050.
 1 APPPATH\Config\Routes.php(14): CodeIgniter\Router\RouteCollection->get('home/nuevos_jugadores')
 2 SYSTEMPATH\Router\RouteCollection.php(339): require('C:\\xampp\\htdocs\\repositorio\\app\\Config\\Routes.php')
 3 SYSTEMPATH\CodeIgniter.php(821): CodeIgniter\Router\RouteCollection->loadRoutes()
 4 SYSTEMPATH\CodeIgniter.php(455): CodeIgniter\CodeIgniter->tryToRouteIt(null)
 5 SYSTEMPATH\CodeIgniter.php(354): CodeIgniter\CodeIgniter->handleRequest(null, Object(Config\Cache), false)
 6 SYSTEMPATH\Boot.php(334): CodeIgniter\CodeIgniter->run()
 7 SYSTEMPATH\Boot.php(67): CodeIgniter\Boot::runCodeIgniter(Object(CodeIgniter\CodeIgniter))
 8 FCPATH\index.php(56): CodeIgniter\Boot::bootWeb(Object(Config\Paths))
CRITICAL - 2025-04-30 22:17:05 --> ArgumentCountError: Too few arguments to function CodeIgniter\Router\RouteCollection::get(), 1 passed in C:\xampp\htdocs\repositorio\app\Config\Routes.php on line 14 and at least 2 expected
[Method: GET, Route: home/proximamente]
in SYSTEMPATH\Router\RouteCollection.php on line 1050.
 1 APPPATH\Config\Routes.php(14): CodeIgniter\Router\RouteCollection->get('home/nuevos_jugadores')
 2 SYSTEMPATH\Router\RouteCollection.php(339): require('C:\\xampp\\htdocs\\repositorio\\app\\Config\\Routes.php')
 3 SYSTEMPATH\CodeIgniter.php(821): CodeIgniter\Router\RouteCollection->loadRoutes()
 4 SYSTEMPATH\CodeIgniter.php(455): CodeIgniter\CodeIgniter->tryToRouteIt(null)
 5 SYSTEMPATH\CodeIgniter.php(354): CodeIgniter\CodeIgniter->handleRequest(null, Object(Config\Cache), false)
 6 SYSTEMPATH\Boot.php(334): CodeIgniter\CodeIgniter->run()
 7 SYSTEMPATH\Boot.php(67): CodeIgniter\Boot::runCodeIgniter(Object(CodeIgniter\CodeIgniter))
 8 FCPATH\index.php(56): CodeIgniter\Boot::bootWeb(Object(Config\Paths))
CRITICAL - 2025-04-30 22:17:16 --> ArgumentCountError: Too few arguments to function CodeIgniter\Router\RouteCollection::get(), 1 passed in C:\xampp\htdocs\repositorio\app\Config\Routes.php on line 14 and at least 2 expected
[Method: GET, Route: /]
in SYSTEMPATH\Router\RouteCollection.php on line 1050.
 1 APPPATH\Config\Routes.php(14): CodeIgniter\Router\RouteCollection->get('home/nuevos_jugadores')
 2 SYSTEMPATH\Router\RouteCollection.php(339): require('C:\\xampp\\htdocs\\repositorio\\app\\Config\\Routes.php')
 3 SYSTEMPATH\CodeIgniter.php(821): CodeIgniter\Router\RouteCollection->loadRoutes()
 4 SYSTEMPATH\CodeIgniter.php(455): CodeIgniter\CodeIgniter->tryToRouteIt(null)
 5 SYSTEMPATH\CodeIgniter.php(354): CodeIgniter\CodeIgniter->handleRequest(null, Object(Config\Cache), false)
 6 SYSTEMPATH\Boot.php(334): CodeIgniter\CodeIgniter->run()
 7 SYSTEMPATH\Boot.php(67): CodeIgniter\Boot::runCodeIgniter(Object(CodeIgniter\CodeIgniter))
 8 FCPATH\index.php(56): CodeIgniter\Boot::bootWeb(Object(Config\Paths))
CRITICAL - 2025-04-30 22:17:18 --> ArgumentCountError: Too few arguments to function CodeIgniter\Router\RouteCollection::get(), 1 passed in C:\xampp\htdocs\repositorio\app\Config\Routes.php on line 14 and at least 2 expected
[Method: GET, Route: /]
in SYSTEMPATH\Router\RouteCollection.php on line 1050.
 1 APPPATH\Config\Routes.php(14): CodeIgniter\Router\RouteCollection->get('home/nuevos_jugadores')
 2 SYSTEMPATH\Router\RouteCollection.php(339): require('C:\\xampp\\htdocs\\repositorio\\app\\Config\\Routes.php')
 3 SYSTEMPATH\CodeIgniter.php(821): CodeIgniter\Router\RouteCollection->loadRoutes()
 4 SYSTEMPATH\CodeIgniter.php(455): CodeIgniter\CodeIgniter->tryToRouteIt(null)
 5 SYSTEMPATH\CodeIgniter.php(354): CodeIgniter\CodeIgniter->handleRequest(null, Object(Config\Cache), false)
 6 SYSTEMPATH\Boot.php(334): CodeIgniter\CodeIgniter->run()
 7 SYSTEMPATH\Boot.php(67): CodeIgniter\Boot::runCodeIgniter(Object(CodeIgniter\CodeIgniter))
 8 FCPATH\index.php(56): CodeIgniter\Boot::bootWeb(Object(Config\Paths))
